2018-05-19 20:17:39,727 INFO  web.context.ContextLoader                Root WebApplicationContext: initialization started 
2018-05-19 20:17:39,966 INFO  context.support.XmlWebApplicationContext Refreshing Root WebApplicationContext: startup date [Sat May 19 20:17:39 CST 2018]; root of context hierarchy 
2018-05-19 20:17:40,073 INFO  factory.xml.XmlBeanDefinitionReader      Loading XML bean definitions from URL [file:/home/hanlaijin/software/workspace/hanlaijin/hlj-api/target/hlj/WEB-INF/classes/applicationContext.xml] 
2018-05-19 20:17:41,013 INFO  ort.PropertySourcesPlaceholderConfigurer Loading properties file from class path resource [redis.properties] 
2018-05-19 20:17:41,023 INFO  ion.AutowiredAnnotationBeanPostProcessor JSR-330 'javax.inject.Inject' annotation found and supported for autowiring 
2018-05-19 20:17:41,821 INFO  web.context.ContextLoader                Root WebApplicationContext: initialization completed in 2093 ms 
2018-05-19 20:17:51,871 INFO  web.servlet.DispatcherServlet            FrameworkServlet 'dispatcher': initialization started 
2018-05-19 20:17:52,036 INFO  context.support.XmlWebApplicationContext Refreshing WebApplicationContext for namespace 'dispatcher-servlet': startup date [Sat May 19 20:17:52 CST 2018]; parent: Root WebApplicationContext 
2018-05-19 20:17:52,040 INFO  factory.xml.XmlBeanDefinitionReader      Loading XML bean definitions from URL [file:/home/hanlaijin/software/workspace/hanlaijin/hlj-api/target/hlj/WEB-INF/classes/spring-mvc.xml] 
2018-05-19 20:17:52,684 INFO  ion.AutowiredAnnotationBeanPostProcessor JSR-330 'javax.inject.Inject' annotation found and supported for autowiring 
2018-05-19 20:17:54,172 INFO  .annotation.RequestMappingHandlerMapping Mapped "{[/doLogin],methods=[POST]}" onto public com.hlj.common.dtos.response.Response com.hlj.controller.LoginController.doLogin(com.hlj.common.dtos.login.LoginRequest,javax.servlet.http.HttpServletResponse) 
2018-05-19 20:17:54,174 INFO  .annotation.RequestMappingHandlerMapping Mapped "{[/login],methods=[GET]}" onto public java.lang.String com.hlj.controller.LoginController.login() 
2018-05-19 20:17:54,183 INFO  .annotation.RequestMappingHandlerMapping Mapped "{[/ping],methods=[GET]}" onto public com.hlj.common.dtos.response.Response com.hlj.controller.PingController.ping() throws org.apache.thrift.TException 
2018-05-19 20:17:54,183 INFO  .annotation.RequestMappingHandlerMapping Mapped "{[/get],methods=[GET]}" onto public com.hlj.common.dtos.response.Response<java.lang.String> com.hlj.controller.PingController.get() throws org.apache.thrift.TException 
2018-05-19 20:17:55,359 INFO  .annotation.RequestMappingHandlerAdapter Looking for @ControllerAdvice: WebApplicationContext for namespace 'dispatcher-servlet': startup date [Sat May 19 20:17:52 CST 2018]; parent: Root WebApplicationContext 
2018-05-19 20:17:55,748 INFO  .annotation.RequestMappingHandlerAdapter Looking for @ControllerAdvice: WebApplicationContext for namespace 'dispatcher-servlet': startup date [Sat May 19 20:17:52 CST 2018]; parent: Root WebApplicationContext 
2018-05-19 20:17:56,426 INFO  web.servlet.DispatcherServlet            FrameworkServlet 'dispatcher': initialization completed in 4552 ms 
2018-05-19 20:17:56,511 WARN  web.servlet.PageNotFound                 No mapping found for HTTP request with URI [/favicon.ico] in DispatcherServlet with name 'dispatcher' 
2018-05-19 20:17:56,610 WARN  web.servlet.PageNotFound                 No mapping found for HTTP request with URI [/favicon.ico] in DispatcherServlet with name 'dispatcher' 
2018-05-19 20:18:43,511 INFO  context.support.XmlWebApplicationContext Closing WebApplicationContext for namespace 'dispatcher-servlet': startup date [Sat May 19 20:17:52 CST 2018]; parent: Root WebApplicationContext 
2018-05-19 21:24:37,471 INFO  web.context.ContextLoader                Root WebApplicationContext: initialization started 
2018-05-19 21:24:37,615 INFO  context.support.XmlWebApplicationContext Refreshing Root WebApplicationContext: startup date [Sat May 19 21:24:37 CST 2018]; root of context hierarchy 
2018-05-19 21:24:37,704 INFO  factory.xml.XmlBeanDefinitionReader      Loading XML bean definitions from URL [file:/home/hanlaijin/software/workspace/hanlaijin/hlj-api/target/hlj/WEB-INF/classes/applicationContext.xml] 
2018-05-19 21:24:38,603 INFO  ort.PropertySourcesPlaceholderConfigurer Loading properties file from class path resource [redis.properties] 
2018-05-19 21:24:38,610 INFO  ion.AutowiredAnnotationBeanPostProcessor JSR-330 'javax.inject.Inject' annotation found and supported for autowiring 
2018-05-19 21:24:39,581 INFO  web.context.ContextLoader                Root WebApplicationContext: initialization completed in 2104 ms 
2018-05-19 21:24:47,778 INFO  web.servlet.DispatcherServlet            FrameworkServlet 'dispatcher': initialization started 
2018-05-19 21:24:47,863 INFO  context.support.XmlWebApplicationContext Refreshing WebApplicationContext for namespace 'dispatcher-servlet': startup date [Sat May 19 21:24:47 CST 2018]; parent: Root WebApplicationContext 
2018-05-19 21:24:47,927 INFO  factory.xml.XmlBeanDefinitionReader      Loading XML bean definitions from URL [file:/home/hanlaijin/software/workspace/hanlaijin/hlj-api/target/hlj/WEB-INF/classes/spring-mvc.xml] 
2018-05-19 21:24:48,621 INFO  ion.AutowiredAnnotationBeanPostProcessor JSR-330 'javax.inject.Inject' annotation found and supported for autowiring 
2018-05-19 21:24:49,499 INFO  .annotation.RequestMappingHandlerMapping Mapped "{[/doLogin],methods=[POST]}" onto public com.hlj.common.dtos.response.Response com.hlj.controller.LoginController.doLogin(com.hlj.common.dtos.login.LoginRequest,javax.servlet.http.HttpServletResponse) 
2018-05-19 21:24:49,501 INFO  .annotation.RequestMappingHandlerMapping Mapped "{[/logOut],methods=[POST]}" onto public com.hlj.common.dtos.response.Response com.hlj.controller.LoginController.doLogOut(com.hlj.common.dtos.login.LoginRequest,javax.servlet.http.HttpServletResponse) 
2018-05-19 21:24:49,501 INFO  .annotation.RequestMappingHandlerMapping Mapped "{[/login],methods=[GET]}" onto public java.lang.String com.hlj.controller.LoginController.login() 
2018-05-19 21:24:49,516 INFO  .annotation.RequestMappingHandlerMapping Mapped "{[/ping],methods=[GET]}" onto public com.hlj.common.dtos.response.Response com.hlj.controller.PingController.ping() throws org.apache.thrift.TException 
2018-05-19 21:24:49,517 INFO  .annotation.RequestMappingHandlerMapping Mapped "{[/get],methods=[GET]}" onto public com.hlj.common.dtos.response.Response<java.lang.String> com.hlj.controller.PingController.get() throws org.apache.thrift.TException 
2018-05-19 21:24:50,008 INFO  .annotation.RequestMappingHandlerAdapter Looking for @ControllerAdvice: WebApplicationContext for namespace 'dispatcher-servlet': startup date [Sat May 19 21:24:47 CST 2018]; parent: Root WebApplicationContext 
2018-05-19 21:24:50,091 INFO  .annotation.RequestMappingHandlerAdapter Looking for @ControllerAdvice: WebApplicationContext for namespace 'dispatcher-servlet': startup date [Sat May 19 21:24:47 CST 2018]; parent: Root WebApplicationContext 
2018-05-19 21:24:50,289 INFO  web.servlet.DispatcherServlet            FrameworkServlet 'dispatcher': initialization completed in 2473 ms 
2018-05-19 21:28:50,131 INFO  context.support.XmlWebApplicationContext Closing WebApplicationContext for namespace 'dispatcher-servlet': startup date [Sat May 19 21:24:47 CST 2018]; parent: Root WebApplicationContext 
2018-05-19 21:29:16,745 INFO  web.context.ContextLoader                Root WebApplicationContext: initialization started 
2018-05-19 21:29:16,859 INFO  context.support.XmlWebApplicationContext Refreshing Root WebApplicationContext: startup date [Sat May 19 21:29:16 CST 2018]; root of context hierarchy 
2018-05-19 21:29:16,943 INFO  factory.xml.XmlBeanDefinitionReader      Loading XML bean definitions from URL [file:/home/hanlaijin/software/workspace/hanlaijin/hlj-api/target/hlj/WEB-INF/classes/applicationContext.xml] 
2018-05-19 21:29:17,808 INFO  ort.PropertySourcesPlaceholderConfigurer Loading properties file from class path resource [redis.properties] 
2018-05-19 21:29:17,823 INFO  ion.AutowiredAnnotationBeanPostProcessor JSR-330 'javax.inject.Inject' annotation found and supported for autowiring 
2018-05-19 21:29:19,095 INFO  web.context.ContextLoader                Root WebApplicationContext: initialization completed in 2346 ms 
2018-05-19 21:29:20,341 INFO  common.utils.LoginUserHelper             cookes = {} 
2018-05-19 21:29:20,369 INFO  common.utils.LoginUserHelper             cookes = {} 
2018-05-19 21:29:22,011 INFO  common.utils.LoginUserHelper             cookes = {} 
2018-05-19 21:30:04,113 INFO  common.utils.LoginUserHelper             cookes = {} 
2018-05-19 21:31:58,505 INFO  web.context.ContextLoader                Root WebApplicationContext: initialization started 
2018-05-19 21:31:58,679 INFO  context.support.XmlWebApplicationContext Refreshing Root WebApplicationContext: startup date [Sat May 19 21:31:58 CST 2018]; root of context hierarchy 
2018-05-19 21:31:58,817 INFO  factory.xml.XmlBeanDefinitionReader      Loading XML bean definitions from URL [file:/home/hanlaijin/software/workspace/hanlaijin/hlj-api/target/hlj/WEB-INF/classes/applicationContext.xml] 
2018-05-19 21:31:59,768 INFO  ort.PropertySourcesPlaceholderConfigurer Loading properties file from class path resource [redis.properties] 
2018-05-19 21:31:59,805 INFO  ion.AutowiredAnnotationBeanPostProcessor JSR-330 'javax.inject.Inject' annotation found and supported for autowiring 
2018-05-19 21:32:00,872 INFO  web.context.ContextLoader                Root WebApplicationContext: initialization completed in 2365 ms 
2018-05-19 21:39:21,847 INFO  web.context.ContextLoader                Root WebApplicationContext: initialization started 
2018-05-19 21:39:21,983 INFO  context.support.XmlWebApplicationContext Refreshing Root WebApplicationContext: startup date [Sat May 19 21:39:21 CST 2018]; root of context hierarchy 
2018-05-19 21:39:22,110 INFO  factory.xml.XmlBeanDefinitionReader      Loading XML bean definitions from URL [file:/home/hanlaijin/software/workspace/hanlaijin/hlj-api/target/hlj/WEB-INF/classes/applicationContext.xml] 
2018-05-19 21:39:23,188 INFO  ort.PropertySourcesPlaceholderConfigurer Loading properties file from class path resource [redis.properties] 
2018-05-19 21:39:23,200 INFO  ion.AutowiredAnnotationBeanPostProcessor JSR-330 'javax.inject.Inject' annotation found and supported for autowiring 
2018-05-19 21:39:24,070 INFO  web.context.ContextLoader                Root WebApplicationContext: initialization completed in 2221 ms 
2018-05-19 21:42:56,508 INFO  web.context.ContextLoader                Root WebApplicationContext: initialization started 
2018-05-19 21:42:56,678 INFO  context.support.XmlWebApplicationContext Refreshing Root WebApplicationContext: startup date [Sat May 19 21:42:56 CST 2018]; root of context hierarchy 
2018-05-19 21:42:56,829 INFO  factory.xml.XmlBeanDefinitionReader      Loading XML bean definitions from URL [file:/home/hanlaijin/software/workspace/hanlaijin/hlj-api/target/hlj/WEB-INF/classes/applicationContext.xml] 
2018-05-19 21:42:58,146 INFO  ort.PropertySourcesPlaceholderConfigurer Loading properties file from class path resource [redis.properties] 
2018-05-19 21:42:58,164 INFO  ion.AutowiredAnnotationBeanPostProcessor JSR-330 'javax.inject.Inject' annotation found and supported for autowiring 
2018-05-19 21:42:59,298 INFO  web.context.ContextLoader                Root WebApplicationContext: initialization completed in 2784 ms 
2018-05-19 21:46:31,105 INFO  web.context.ContextLoader                Root WebApplicationContext: initialization started 
2018-05-19 21:46:31,326 INFO  context.support.XmlWebApplicationContext Refreshing Root WebApplicationContext: startup date [Sat May 19 21:46:31 CST 2018]; root of context hierarchy 
2018-05-19 21:46:31,567 INFO  factory.xml.XmlBeanDefinitionReader      Loading XML bean definitions from URL [file:/home/hanlaijin/software/workspace/hanlaijin/hlj-api/target/hlj/WEB-INF/classes/applicationContext.xml] 
2018-05-19 21:46:32,444 INFO  ort.PropertySourcesPlaceholderConfigurer Loading properties file from class path resource [redis.properties] 
2018-05-19 21:46:32,455 INFO  ion.AutowiredAnnotationBeanPostProcessor JSR-330 'javax.inject.Inject' annotation found and supported for autowiring 
2018-05-19 21:46:33,409 INFO  web.context.ContextLoader                Root WebApplicationContext: initialization completed in 2301 ms 
2018-05-19 21:46:34,547 INFO  common.filters.LoginFilter               path info = null 
2018-05-19 21:46:34,549 INFO  common.filters.LoginFilter               context path =  
2018-05-19 21:46:34,549 INFO  common.filters.LoginFilter               servlet path = /index.jsp 
2018-05-19 21:46:34,549 INFO  common.filters.LoginFilter               path uri = / 
2018-05-19 21:46:34,549 INFO  common.filters.LoginFilter               path url = http://localhost:8080/ 
2018-05-19 21:46:36,342 INFO  common.filters.LoginFilter               path info = null 
2018-05-19 21:46:36,348 INFO  common.filters.LoginFilter               context path =  
2018-05-19 21:46:36,350 INFO  common.filters.LoginFilter               servlet path = /index.jsp 
2018-05-19 21:46:36,350 INFO  common.filters.LoginFilter               path uri = / 
2018-05-19 21:46:36,351 INFO  common.filters.LoginFilter               path url = http://localhost:8080/ 
2018-05-19 21:46:38,040 INFO  common.filters.LoginFilter               path info = null 
2018-05-19 21:46:38,042 INFO  common.filters.LoginFilter               context path =  
2018-05-19 21:46:38,042 INFO  common.filters.LoginFilter               servlet path = /index.jsp 
2018-05-19 21:46:38,042 INFO  common.filters.LoginFilter               path uri = / 
2018-05-19 21:46:38,042 INFO  common.filters.LoginFilter               path url = http://localhost:8080/ 
2018-05-19 21:47:09,522 INFO  common.filters.LoginFilter               path info = null 
2018-05-19 21:47:09,524 INFO  common.filters.LoginFilter               context path =  
2018-05-19 21:47:09,525 INFO  common.filters.LoginFilter               servlet path = /index.jsp 
2018-05-19 21:47:09,525 INFO  common.filters.LoginFilter               path uri = / 
2018-05-19 21:47:09,525 INFO  common.filters.LoginFilter               path url = http://localhost:8080/ 
2018-05-19 21:47:57,936 INFO  common.filters.LoginFilter               path info = null 
2018-05-19 21:47:57,936 INFO  common.filters.LoginFilter               context path =  
2018-05-19 21:47:57,937 INFO  common.filters.LoginFilter               servlet path = /index.jsp 
2018-05-19 21:47:57,938 INFO  common.filters.LoginFilter               path uri = / 
2018-05-19 21:47:57,938 INFO  common.filters.LoginFilter               path url = http://localhost:8080/ 
2018-05-19 22:05:45,708 INFO  web.context.ContextLoader                Root WebApplicationContext: initialization started 
2018-05-19 22:05:45,982 INFO  context.support.XmlWebApplicationContext Refreshing Root WebApplicationContext: startup date [Sat May 19 22:05:45 CST 2018]; root of context hierarchy 
2018-05-19 22:05:46,164 INFO  factory.xml.XmlBeanDefinitionReader      Loading XML bean definitions from URL [file:/home/hanlaijin/software/workspace/hanlaijin/hlj-api/target/hlj/WEB-INF/classes/applicationContext.xml] 
2018-05-19 22:05:47,770 INFO  ort.PropertySourcesPlaceholderConfigurer Loading properties file from class path resource [redis.properties] 
2018-05-19 22:05:47,781 INFO  ion.AutowiredAnnotationBeanPostProcessor JSR-330 'javax.inject.Inject' annotation found and supported for autowiring 
2018-05-19 22:05:49,227 INFO  web.context.ContextLoader                Root WebApplicationContext: initialization completed in 3517 ms 
2018-05-19 22:06:50,096 INFO  common.filters.LoginFilter               path info = null 
2018-05-19 22:06:50,723 INFO  common.filters.LoginFilter               context path =  
2018-05-19 22:06:50,723 INFO  common.filters.LoginFilter               servlet path = /index.jsp 
2018-05-19 22:06:50,724 INFO  common.filters.LoginFilter               path uri = / 
2018-05-19 22:06:50,724 INFO  common.filters.LoginFilter               path info = null 
2018-05-19 22:06:50,727 INFO  common.filters.LoginFilter               path url = http://localhost:8080/ 
2018-05-19 22:06:50,731 INFO  common.filters.LoginFilter               context path =  
2018-05-19 22:06:50,733 INFO  common.filters.LoginFilter               servlet path = /index.jsp 
2018-05-19 22:06:50,734 INFO  common.filters.LoginFilter               path uri = / 
2018-05-19 22:06:50,735 INFO  common.filters.LoginFilter               path url = http://localhost:8080/ 
2018-05-19 22:07:40,270 INFO  web.servlet.DispatcherServlet            FrameworkServlet 'dispatcher': initialization started 
2018-05-19 22:07:40,294 INFO  context.support.XmlWebApplicationContext Refreshing WebApplicationContext for namespace 'dispatcher-servlet': startup date [Sat May 19 22:07:40 CST 2018]; parent: Root WebApplicationContext 
2018-05-19 22:07:40,297 INFO  factory.xml.XmlBeanDefinitionReader      Loading XML bean definitions from URL [file:/home/hanlaijin/software/workspace/hanlaijin/hlj-api/target/hlj/WEB-INF/classes/spring-mvc.xml] 
2018-05-19 22:07:41,252 INFO  ion.AutowiredAnnotationBeanPostProcessor JSR-330 'javax.inject.Inject' annotation found and supported for autowiring 
2018-05-19 22:07:43,068 INFO  .annotation.RequestMappingHandlerMapping Mapped "{[/logOut],methods=[POST]}" onto public com.hlj.common.dtos.response.Response com.hlj.controller.LoginController.doLogOut(com.hlj.common.dtos.login.LoginRequest,javax.servlet.http.HttpServletResponse) 
2018-05-19 22:07:43,078 INFO  .annotation.RequestMappingHandlerMapping Mapped "{[/doLogin],methods=[POST]}" onto public com.hlj.common.dtos.response.Response com.hlj.controller.LoginController.doLogin(com.hlj.common.dtos.login.LoginRequest,javax.servlet.http.HttpServletResponse) 
2018-05-19 22:07:43,081 INFO  .annotation.RequestMappingHandlerMapping Mapped "{[/login],methods=[GET]}" onto public java.lang.String com.hlj.controller.LoginController.login() 
2018-05-19 22:07:43,126 INFO  .annotation.RequestMappingHandlerMapping Mapped "{[/ping],methods=[GET]}" onto public com.hlj.common.dtos.response.Response com.hlj.controller.PingController.ping() throws org.apache.thrift.TException 
2018-05-19 22:07:43,127 INFO  .annotation.RequestMappingHandlerMapping Mapped "{[/get],methods=[GET]}" onto public com.hlj.common.dtos.response.Response<java.lang.String> com.hlj.controller.PingController.get() throws org.apache.thrift.TException 
2018-05-19 22:08:05,720 INFO  web.context.ContextLoader                Root WebApplicationContext: initialization started 
2018-05-19 22:08:05,842 INFO  context.support.XmlWebApplicationContext Refreshing Root WebApplicationContext: startup date [Sat May 19 22:08:05 CST 2018]; root of context hierarchy 
2018-05-19 22:08:05,996 INFO  factory.xml.XmlBeanDefinitionReader      Loading XML bean definitions from URL [file:/home/hanlaijin/software/workspace/hanlaijin/hlj-api/target/hlj/WEB-INF/classes/applicationContext.xml] 
2018-05-19 22:08:06,903 INFO  ort.PropertySourcesPlaceholderConfigurer Loading properties file from class path resource [redis.properties] 
2018-05-19 22:08:06,914 INFO  ion.AutowiredAnnotationBeanPostProcessor JSR-330 'javax.inject.Inject' annotation found and supported for autowiring 
2018-05-19 22:08:07,888 INFO  web.context.ContextLoader                Root WebApplicationContext: initialization completed in 2166 ms 
2018-05-19 22:08:08,898 INFO  common.filters.LoginFilter               path info = null 
2018-05-19 22:08:08,901 INFO  common.filters.LoginFilter               context path =  
2018-05-19 22:08:08,901 INFO  common.filters.LoginFilter               servlet path = /index.jsp 
2018-05-19 22:08:08,901 INFO  common.filters.LoginFilter               path uri = / 
2018-05-19 22:08:08,902 INFO  common.filters.LoginFilter               path url = http://localhost:8080/ 
2018-05-19 22:08:11,156 INFO  common.filters.LoginFilter               path info = null 
2018-05-19 22:08:11,219 INFO  common.filters.LoginFilter               context path =  
2018-05-19 22:08:11,219 INFO  common.filters.LoginFilter               servlet path = /index.jsp 
2018-05-19 22:08:11,220 INFO  common.filters.LoginFilter               path uri = / 
2018-05-19 22:08:11,226 INFO  common.filters.LoginFilter               path url = http://localhost:8080/ 
2018-05-19 22:08:12,185 INFO  common.filters.LoginFilter               path info = null 
2018-05-19 22:08:12,185 INFO  common.filters.LoginFilter               context path =  
2018-05-19 22:08:12,185 INFO  common.filters.LoginFilter               servlet path = /index.jsp 
2018-05-19 22:08:12,186 INFO  common.filters.LoginFilter               path uri = / 
2018-05-19 22:08:12,186 INFO  common.filters.LoginFilter               path url = http://localhost:8080/ 
2018-05-19 22:08:12,727 INFO  web.servlet.DispatcherServlet            FrameworkServlet 'dispatcher': initialization started 
2018-05-19 22:08:12,751 INFO  context.support.XmlWebApplicationContext Refreshing WebApplicationContext for namespace 'dispatcher-servlet': startup date [Sat May 19 22:08:12 CST 2018]; parent: Root WebApplicationContext 
2018-05-19 22:08:12,790 INFO  factory.xml.XmlBeanDefinitionReader      Loading XML bean definitions from URL [file:/home/hanlaijin/software/workspace/hanlaijin/hlj-api/target/hlj/WEB-INF/classes/spring-mvc.xml] 
2018-05-19 22:08:13,520 INFO  ion.AutowiredAnnotationBeanPostProcessor JSR-330 'javax.inject.Inject' annotation found and supported for autowiring 
2018-05-19 22:08:14,143 INFO  .annotation.RequestMappingHandlerMapping Mapped "{[/doLogin],methods=[POST]}" onto public com.hlj.common.dtos.response.Response com.hlj.controller.LoginController.doLogin(com.hlj.common.dtos.login.LoginRequest,javax.servlet.http.HttpServletResponse) 
2018-05-19 22:08:14,146 INFO  .annotation.RequestMappingHandlerMapping Mapped "{[/logOut],methods=[POST]}" onto public com.hlj.common.dtos.response.Response com.hlj.controller.LoginController.doLogOut(com.hlj.common.dtos.login.LoginRequest,javax.servlet.http.HttpServletResponse) 
2018-05-19 22:08:14,147 INFO  .annotation.RequestMappingHandlerMapping Mapped "{[/login],methods=[GET]}" onto public java.lang.String com.hlj.controller.LoginController.login() 
2018-05-19 22:08:14,160 INFO  .annotation.RequestMappingHandlerMapping Mapped "{[/ping],methods=[GET]}" onto public com.hlj.common.dtos.response.Response com.hlj.controller.PingController.ping() throws org.apache.thrift.TException 
2018-05-19 22:08:14,177 INFO  .annotation.RequestMappingHandlerMapping Mapped "{[/get],methods=[GET]}" onto public com.hlj.common.dtos.response.Response<java.lang.String> com.hlj.controller.PingController.get() throws org.apache.thrift.TException 
2018-05-19 22:08:15,350 INFO  .annotation.RequestMappingHandlerAdapter Looking for @ControllerAdvice: WebApplicationContext for namespace 'dispatcher-servlet': startup date [Sat May 19 22:08:12 CST 2018]; parent: Root WebApplicationContext 
2018-05-19 22:08:15,604 INFO  .annotation.RequestMappingHandlerAdapter Looking for @ControllerAdvice: WebApplicationContext for namespace 'dispatcher-servlet': startup date [Sat May 19 22:08:12 CST 2018]; parent: Root WebApplicationContext 
2018-05-19 22:08:15,960 INFO  web.servlet.DispatcherServlet            FrameworkServlet 'dispatcher': initialization completed in 3231 ms 
2018-05-19 22:08:15,960 INFO  common.filters.LoginFilter               path info = null 
2018-05-19 22:08:15,960 INFO  common.filters.LoginFilter               context path =  
2018-05-19 22:08:15,960 INFO  common.filters.LoginFilter               servlet path = /favicon.ico 
2018-05-19 22:08:15,960 INFO  common.filters.LoginFilter               path uri = /favicon.ico 
2018-05-19 22:08:15,960 INFO  common.filters.LoginFilter               path url = http://localhost:8080/favicon.ico 
2018-05-19 22:08:16,002 WARN  web.servlet.PageNotFound                 No mapping found for HTTP request with URI [/favicon.ico] in DispatcherServlet with name 'dispatcher' 
2018-05-19 22:08:16,025 INFO  common.filters.LoginFilter               path info = null 
2018-05-19 22:08:16,025 INFO  common.filters.LoginFilter               context path =  
2018-05-19 22:08:16,025 INFO  common.filters.LoginFilter               servlet path = /favicon.ico 
2018-05-19 22:08:16,025 INFO  common.filters.LoginFilter               path uri = /favicon.ico 
2018-05-19 22:08:16,026 INFO  common.filters.LoginFilter               path url = http://localhost:8080/favicon.ico 
2018-05-19 22:08:16,027 WARN  web.servlet.PageNotFound                 No mapping found for HTTP request with URI [/favicon.ico] in DispatcherServlet with name 'dispatcher' 
2018-05-19 22:08:40,842 INFO  common.filters.LoginFilter               path info = null 
2018-05-19 22:08:40,842 INFO  common.filters.LoginFilter               context path =  
2018-05-19 22:08:40,843 INFO  common.filters.LoginFilter               servlet path = /index.jsp 
2018-05-19 22:08:40,843 INFO  common.filters.LoginFilter               path uri = / 
2018-05-19 22:08:40,844 INFO  common.filters.LoginFilter               path url = http://localhost:8080/ 
2018-05-19 22:13:12,506 INFO  context.support.XmlWebApplicationContext Closing WebApplicationContext for namespace 'dispatcher-servlet': startup date [Sat May 19 22:08:12 CST 2018]; parent: Root WebApplicationContext 
2018-05-19 22:13:39,242 INFO  web.context.ContextLoader                Root WebApplicationContext: initialization started 
2018-05-19 22:13:39,431 INFO  context.support.XmlWebApplicationContext Refreshing Root WebApplicationContext: startup date [Sat May 19 22:13:39 CST 2018]; root of context hierarchy 
2018-05-19 22:13:39,532 INFO  factory.xml.XmlBeanDefinitionReader      Loading XML bean definitions from URL [file:/home/hanlaijin/software/workspace/hanlaijin/hlj-api/target/hlj/WEB-INF/classes/applicationContext.xml] 
2018-05-19 22:13:40,436 INFO  ort.PropertySourcesPlaceholderConfigurer Loading properties file from class path resource [redis.properties] 
2018-05-19 22:13:40,448 INFO  ion.AutowiredAnnotationBeanPostProcessor JSR-330 'javax.inject.Inject' annotation found and supported for autowiring 
2018-05-19 22:13:41,247 INFO  web.context.ContextLoader                Root WebApplicationContext: initialization completed in 1996 ms 
2018-05-19 22:13:49,984 INFO  web.servlet.DispatcherServlet            FrameworkServlet 'dispatcher': initialization started 
2018-05-19 22:13:50,055 INFO  context.support.XmlWebApplicationContext Refreshing WebApplicationContext for namespace 'dispatcher-servlet': startup date [Sat May 19 22:13:50 CST 2018]; parent: Root WebApplicationContext 
2018-05-19 22:13:50,057 INFO  factory.xml.XmlBeanDefinitionReader      Loading XML bean definitions from URL [file:/home/hanlaijin/software/workspace/hanlaijin/hlj-api/target/hlj/WEB-INF/classes/spring-mvc.xml] 
2018-05-19 22:13:50,748 INFO  ion.AutowiredAnnotationBeanPostProcessor JSR-330 'javax.inject.Inject' annotation found and supported for autowiring 
2018-05-19 22:13:51,279 INFO  .annotation.RequestMappingHandlerMapping Mapped "{[/doLogin],methods=[POST]}" onto public com.hlj.common.dtos.response.Response com.hlj.controller.LoginController.doLogin(com.hlj.common.dtos.login.LoginRequest,javax.servlet.http.HttpServletResponse) 
2018-05-19 22:13:51,282 INFO  .annotation.RequestMappingHandlerMapping Mapped "{[/logOut],methods=[POST]}" onto public com.hlj.common.dtos.response.Response com.hlj.controller.LoginController.doLogOut(com.hlj.common.dtos.login.LoginRequest,javax.servlet.http.HttpServletResponse) 
2018-05-19 22:13:51,282 INFO  .annotation.RequestMappingHandlerMapping Mapped "{[/login],methods=[GET]}" onto public java.lang.String com.hlj.controller.LoginController.login() 
2018-05-19 22:13:51,294 INFO  .annotation.RequestMappingHandlerMapping Mapped "{[/ping],methods=[GET]}" onto public com.hlj.common.dtos.response.Response com.hlj.controller.PingController.ping() throws org.apache.thrift.TException 
2018-05-19 22:13:51,295 INFO  .annotation.RequestMappingHandlerMapping Mapped "{[/get],methods=[GET]}" onto public com.hlj.common.dtos.response.Response<java.lang.String> com.hlj.controller.PingController.get() throws org.apache.thrift.TException 
2018-05-19 22:13:52,179 INFO  .annotation.RequestMappingHandlerAdapter Looking for @ControllerAdvice: WebApplicationContext for namespace 'dispatcher-servlet': startup date [Sat May 19 22:13:50 CST 2018]; parent: Root WebApplicationContext 
2018-05-19 22:13:52,336 INFO  .annotation.RequestMappingHandlerAdapter Looking for @ControllerAdvice: WebApplicationContext for namespace 'dispatcher-servlet': startup date [Sat May 19 22:13:50 CST 2018]; parent: Root WebApplicationContext 
2018-05-19 22:13:52,656 INFO  web.servlet.DispatcherServlet            FrameworkServlet 'dispatcher': initialization completed in 2647 ms 
2018-05-19 22:13:52,692 WARN  web.servlet.PageNotFound                 No mapping found for HTTP request with URI [/favicon.ico] in DispatcherServlet with name 'dispatcher' 
2018-05-19 22:13:52,730 WARN  web.servlet.PageNotFound                 No mapping found for HTTP request with URI [/favicon.ico] in DispatcherServlet with name 'dispatcher' 
2018-05-19 22:14:48,346 WARN  web.servlet.PageNotFound                 No mapping found for HTTP request with URI [/index.jsp/] in DispatcherServlet with name 'dispatcher' 
2018-05-19 22:15:20,951 INFO  context.support.XmlWebApplicationContext Closing WebApplicationContext for namespace 'dispatcher-servlet': startup date [Sat May 19 22:13:50 CST 2018]; parent: Root WebApplicationContext 
2018-05-19 22:15:43,379 INFO  web.context.ContextLoader                Root WebApplicationContext: initialization started 
2018-05-19 22:15:43,577 INFO  context.support.XmlWebApplicationContext Refreshing Root WebApplicationContext: startup date [Sat May 19 22:15:43 CST 2018]; root of context hierarchy 
2018-05-19 22:15:43,777 INFO  factory.xml.XmlBeanDefinitionReader      Loading XML bean definitions from URL [file:/home/hanlaijin/software/workspace/hanlaijin/hlj-api/target/hlj/WEB-INF/classes/applicationContext.xml] 
2018-05-19 22:15:45,354 INFO  ort.PropertySourcesPlaceholderConfigurer Loading properties file from class path resource [redis.properties] 
2018-05-19 22:15:45,392 INFO  ion.AutowiredAnnotationBeanPostProcessor JSR-330 'javax.inject.Inject' annotation found and supported for autowiring 
2018-05-19 22:15:46,697 INFO  web.context.ContextLoader                Root WebApplicationContext: initialization completed in 3317 ms 
2018-05-19 22:18:20,391 INFO  web.context.ContextLoader                Root WebApplicationContext: initialization started 
2018-05-19 22:18:20,691 INFO  context.support.XmlWebApplicationContext Refreshing Root WebApplicationContext: startup date [Sat May 19 22:18:20 CST 2018]; root of context hierarchy 
2018-05-19 22:18:20,825 INFO  factory.xml.XmlBeanDefinitionReader      Loading XML bean definitions from URL [file:/home/hanlaijin/software/workspace/hanlaijin/hlj-api/target/hlj/WEB-INF/classes/applicationContext.xml] 
2018-05-19 22:18:22,237 INFO  ort.PropertySourcesPlaceholderConfigurer Loading properties file from class path resource [redis.properties] 
2018-05-19 22:18:22,265 INFO  ion.AutowiredAnnotationBeanPostProcessor JSR-330 'javax.inject.Inject' annotation found and supported for autowiring 
2018-05-19 22:18:23,301 INFO  web.context.ContextLoader                Root WebApplicationContext: initialization completed in 2900 ms 
2018-05-19 22:18:24,161 INFO  common.filters.LoginFilter               send redirect before 
2018-05-19 22:18:24,164 INFO  common.filters.LoginFilter               send redirect after 
2018-05-19 22:18:24,164 INFO  common.filters.LoginFilter               ======= 
2018-05-19 22:18:25,746 INFO  common.filters.LoginFilter               send redirect before 
2018-05-19 22:18:25,748 INFO  common.filters.LoginFilter               send redirect after 
2018-05-19 22:18:25,748 INFO  common.filters.LoginFilter               ======= 
2018-05-19 22:18:26,885 INFO  common.filters.LoginFilter               send redirect before 
2018-05-19 22:18:26,885 INFO  common.filters.LoginFilter               send redirect after 
2018-05-19 22:18:26,885 INFO  common.filters.LoginFilter               ======= 
2018-05-19 22:18:34,983 INFO  common.filters.LoginFilter               send redirect before 
2018-05-19 22:18:34,983 INFO  common.filters.LoginFilter               send redirect after 
2018-05-19 22:18:34,983 INFO  common.filters.LoginFilter               ======= 
2018-05-19 22:30:51,439 INFO  web.context.ContextLoader                Root WebApplicationContext: initialization started 
2018-05-19 22:30:51,724 INFO  context.support.XmlWebApplicationContext Refreshing Root WebApplicationContext: startup date [Sat May 19 22:30:51 CST 2018]; root of context hierarchy 
2018-05-19 22:30:51,889 INFO  factory.xml.XmlBeanDefinitionReader      Loading XML bean definitions from URL [file:/home/hanlaijin/software/workspace/hanlaijin/hlj-api/target/hlj/WEB-INF/classes/applicationContext.xml] 
2018-05-19 22:30:52,679 INFO  ort.PropertySourcesPlaceholderConfigurer Loading properties file from class path resource [redis.properties] 
2018-05-19 22:30:52,690 INFO  ion.AutowiredAnnotationBeanPostProcessor JSR-330 'javax.inject.Inject' annotation found and supported for autowiring 
2018-05-19 22:30:53,714 INFO  web.context.ContextLoader                Root WebApplicationContext: initialization completed in 2267 ms 
2018-05-19 22:30:54,713 INFO  common.filters.LoginFilter               send redirect before 
2018-05-19 22:30:54,717 INFO  common.filters.LoginFilter               send redirect after 
2018-05-19 22:30:54,717 INFO  common.filters.LoginFilter               ======= 
2018-05-19 22:30:56,245 INFO  common.filters.LoginFilter               send redirect before 
2018-05-19 22:30:56,248 INFO  common.filters.LoginFilter               send redirect after 
2018-05-19 22:30:56,248 INFO  common.filters.LoginFilter               ======= 
2018-05-19 22:30:58,266 INFO  common.filters.LoginFilter               send redirect before 
2018-05-19 22:30:58,268 INFO  common.filters.LoginFilter               send redirect after 
2018-05-19 22:30:58,269 INFO  common.filters.LoginFilter               ======= 
2018-05-19 22:31:51,519 INFO  common.filters.LoginFilter               send redirect before 
2018-05-19 22:31:51,520 INFO  common.filters.LoginFilter               send redirect after 
2018-05-19 22:31:51,520 INFO  common.filters.LoginFilter               ======= 
2018-05-19 22:32:41,275 INFO  common.filters.LoginFilter               send redirect before 
2018-05-19 22:32:56,001 INFO  common.filters.LoginFilter               send redirect before 
2018-05-19 22:47:16,288 INFO  common.filters.LoginFilter               send redirect before 
2018-05-19 22:47:16,289 INFO  common.filters.LoginFilter               send redirect after 
2018-05-19 22:47:16,289 INFO  common.filters.LoginFilter               ======= 
2018-05-19 22:49:48,019 INFO  web.context.ContextLoader                Root WebApplicationContext: initialization started 
2018-05-19 22:49:48,238 INFO  context.support.XmlWebApplicationContext Refreshing Root WebApplicationContext: startup date [Sat May 19 22:49:48 CST 2018]; root of context hierarchy 
2018-05-19 22:49:48,478 INFO  factory.xml.XmlBeanDefinitionReader      Loading XML bean definitions from URL [file:/home/hanlaijin/software/workspace/hanlaijin/hlj-api/target/hlj/WEB-INF/classes/applicationContext.xml] 
2018-05-19 22:49:49,536 INFO  ort.PropertySourcesPlaceholderConfigurer Loading properties file from class path resource [redis.properties] 
2018-05-19 22:49:49,560 INFO  ion.AutowiredAnnotationBeanPostProcessor JSR-330 'javax.inject.Inject' annotation found and supported for autowiring 
2018-05-19 22:49:50,635 INFO  web.context.ContextLoader                Root WebApplicationContext: initialization completed in 2611 ms 
2018-05-19 22:49:51,989 INFO  common.filters.LoginFilter               send redirect before 
2018-05-19 22:49:52,006 INFO  common.filters.LoginFilter               send redirect after 
2018-05-19 22:49:52,026 INFO  common.filters.LoginFilter               send redirect before 
2018-05-19 22:49:52,086 INFO  common.filters.LoginFilter               send redirect before 
2018-05-19 22:49:52,086 INFO  common.filters.LoginFilter               send redirect after 
2018-05-19 22:49:52,100 INFO  common.filters.LoginFilter               send redirect before 
2018-05-19 22:49:54,734 INFO  common.filters.LoginFilter               send redirect before 
2018-05-19 22:49:54,735 INFO  common.filters.LoginFilter               send redirect after 
2018-05-19 22:49:55,641 INFO  common.filters.LoginFilter               send redirect before 
2018-05-19 22:51:12,339 INFO  web.context.ContextLoader                Root WebApplicationContext: initialization started 
2018-05-19 22:51:12,505 INFO  context.support.XmlWebApplicationContext Refreshing Root WebApplicationContext: startup date [Sat May 19 22:51:12 CST 2018]; root of context hierarchy 
2018-05-19 22:51:12,618 INFO  factory.xml.XmlBeanDefinitionReader      Loading XML bean definitions from URL [file:/home/hanlaijin/software/workspace/hanlaijin/hlj-api/target/hlj/WEB-INF/classes/applicationContext.xml] 
2018-05-19 22:51:13,608 INFO  ort.PropertySourcesPlaceholderConfigurer Loading properties file from class path resource [redis.properties] 
2018-05-19 22:51:13,631 INFO  ion.AutowiredAnnotationBeanPostProcessor JSR-330 'javax.inject.Inject' annotation found and supported for autowiring 
2018-05-19 22:51:14,525 INFO  web.context.ContextLoader                Root WebApplicationContext: initialization completed in 2184 ms 
2018-05-19 22:51:15,424 INFO  common.filters.LoginFilter               send redirect before 
2018-05-19 22:51:15,427 INFO  common.filters.LoginFilter               send redirect after 
2018-05-19 22:51:15,455 INFO  common.filters.LoginFilter               send redirect before 
2018-05-19 22:51:15,466 INFO  common.filters.LoginFilter               send redirect after 
2018-05-19 22:51:18,769 INFO  common.filters.LoginFilter               send redirect before 
2018-05-19 22:51:18,771 INFO  common.filters.LoginFilter               send redirect after 
2018-05-19 22:51:19,619 INFO  web.servlet.DispatcherServlet            FrameworkServlet 'dispatcher': initialization started 
2018-05-19 22:51:19,642 INFO  context.support.XmlWebApplicationContext Refreshing WebApplicationContext for namespace 'dispatcher-servlet': startup date [Sat May 19 22:51:19 CST 2018]; parent: Root WebApplicationContext 
2018-05-19 22:51:19,651 INFO  factory.xml.XmlBeanDefinitionReader      Loading XML bean definitions from URL [file:/home/hanlaijin/software/workspace/hanlaijin/hlj-api/target/hlj/WEB-INF/classes/spring-mvc.xml] 
2018-05-19 22:51:20,012 INFO  ion.AutowiredAnnotationBeanPostProcessor JSR-330 'javax.inject.Inject' annotation found and supported for autowiring 
2018-05-19 22:51:20,693 INFO  .annotation.RequestMappingHandlerMapping Mapped "{[/doLogin],methods=[POST]}" onto public com.hlj.common.dtos.response.Response com.hlj.controller.LoginController.doLogin(com.hlj.common.dtos.login.LoginRequest,javax.servlet.http.HttpServletResponse) 
2018-05-19 22:51:20,695 INFO  .annotation.RequestMappingHandlerMapping Mapped "{[/logOut],methods=[POST]}" onto public com.hlj.common.dtos.response.Response com.hlj.controller.LoginController.doLogOut(com.hlj.common.dtos.login.LoginRequest,javax.servlet.http.HttpServletResponse) 
2018-05-19 22:51:20,696 INFO  .annotation.RequestMappingHandlerMapping Mapped "{[/login],methods=[GET]}" onto public java.lang.String com.hlj.controller.LoginController.login() 
2018-05-19 22:51:20,705 INFO  .annotation.RequestMappingHandlerMapping Mapped "{[/ping],methods=[GET]}" onto public com.hlj.common.dtos.response.Response com.hlj.controller.PingController.ping() throws org.apache.thrift.TException 
2018-05-19 22:51:20,706 INFO  .annotation.RequestMappingHandlerMapping Mapped "{[/get],methods=[GET]}" onto public com.hlj.common.dtos.response.Response<java.lang.String> com.hlj.controller.PingController.get() throws org.apache.thrift.TException 
2018-05-19 22:51:21,407 INFO  .annotation.RequestMappingHandlerAdapter Looking for @ControllerAdvice: WebApplicationContext for namespace 'dispatcher-servlet': startup date [Sat May 19 22:51:19 CST 2018]; parent: Root WebApplicationContext 
2018-05-19 22:51:21,578 INFO  .annotation.RequestMappingHandlerAdapter Looking for @ControllerAdvice: WebApplicationContext for namespace 'dispatcher-servlet': startup date [Sat May 19 22:51:19 CST 2018]; parent: Root WebApplicationContext 
2018-05-19 22:51:21,867 INFO  web.servlet.DispatcherServlet            FrameworkServlet 'dispatcher': initialization completed in 2237 ms 
2018-05-19 22:51:21,867 INFO  common.filters.LoginFilter               send redirect before 
2018-05-19 22:51:21,867 INFO  common.filters.LoginFilter               send redirect after 
2018-05-19 22:51:21,872 INFO  common.filters.LoginFilter               send redirect before 
2018-05-19 22:51:21,872 INFO  common.filters.LoginFilter               send redirect after 
2018-05-19 22:54:13,810 INFO  common.filters.LoginFilter               send redirect before 
2018-05-19 22:54:13,810 INFO  common.filters.LoginFilter               send redirect after 
2018-05-19 22:59:12,432 INFO  common.filters.LoginFilter               send redirect before 
2018-05-19 22:59:12,435 INFO  common.filters.LoginFilter               send redirect after 
2018-05-19 22:59:47,823 INFO  common.filters.LoginFilter               send redirect before 
2018-05-19 22:59:47,824 INFO  common.filters.LoginFilter               send redirect after 
2018-05-19 23:00:44,548 INFO  common.filters.LoginFilter               send redirect before 
2018-05-19 23:00:44,550 INFO  common.filters.LoginFilter               send redirect after 
2018-05-19 23:01:32,551 INFO  common.filters.LoginFilter               send redirect before 
2018-05-19 23:01:32,573 INFO  common.filters.LoginFilter               send redirect after 
2018-05-19 23:04:47,607 INFO  context.support.XmlWebApplicationContext Closing WebApplicationContext for namespace 'dispatcher-servlet': startup date [Sat May 19 22:51:19 CST 2018]; parent: Root WebApplicationContext 
2018-05-19 23:05:16,977 INFO  web.context.ContextLoader                Root WebApplicationContext: initialization started 
2018-05-19 23:05:17,549 INFO  context.support.XmlWebApplicationContext Refreshing Root WebApplicationContext: startup date [Sat May 19 23:05:17 CST 2018]; root of context hierarchy 
2018-05-19 23:05:17,692 INFO  factory.xml.XmlBeanDefinitionReader      Loading XML bean definitions from URL [file:/home/hanlaijin/software/workspace/hanlaijin/hlj-api/target/hlj/WEB-INF/classes/applicationContext.xml] 
2018-05-19 23:05:19,049 INFO  ort.PropertySourcesPlaceholderConfigurer Loading properties file from class path resource [redis.properties] 
2018-05-19 23:05:19,059 INFO  ion.AutowiredAnnotationBeanPostProcessor JSR-330 'javax.inject.Inject' annotation found and supported for autowiring 
2018-05-19 23:05:20,600 INFO  web.context.ContextLoader                Root WebApplicationContext: initialization completed in 3615 ms 
2018-05-19 23:06:08,632 INFO  web.servlet.DispatcherServlet            FrameworkServlet 'dispatcher': initialization started 
2018-05-19 23:06:08,648 INFO  context.support.XmlWebApplicationContext Refreshing WebApplicationContext for namespace 'dispatcher-servlet': startup date [Sat May 19 23:06:08 CST 2018]; parent: Root WebApplicationContext 
2018-05-19 23:06:08,651 INFO  factory.xml.XmlBeanDefinitionReader      Loading XML bean definitions from URL [file:/home/hanlaijin/software/workspace/hanlaijin/hlj-api/target/hlj/WEB-INF/classes/spring-mvc.xml] 
2018-05-19 23:06:09,158 INFO  ion.AutowiredAnnotationBeanPostProcessor JSR-330 'javax.inject.Inject' annotation found and supported for autowiring 
2018-05-19 23:06:10,167 INFO  .annotation.RequestMappingHandlerMapping Mapped "{[/doLogin],methods=[POST]}" onto public com.hlj.common.dtos.response.Response com.hlj.controller.LoginController.doLogin(com.hlj.common.dtos.login.LoginRequest,javax.servlet.http.HttpServletResponse) 
2018-05-19 23:06:10,169 INFO  .annotation.RequestMappingHandlerMapping Mapped "{[/logOut],methods=[POST]}" onto public com.hlj.common.dtos.response.Response com.hlj.controller.LoginController.doLogOut(com.hlj.common.dtos.login.LoginRequest,javax.servlet.http.HttpServletResponse) 
2018-05-19 23:06:10,169 INFO  .annotation.RequestMappingHandlerMapping Mapped "{[/login],methods=[GET]}" onto public java.lang.String com.hlj.controller.LoginController.login() 
2018-05-19 23:06:10,178 INFO  .annotation.RequestMappingHandlerMapping Mapped "{[/ping],methods=[GET]}" onto public com.hlj.common.dtos.response.Response com.hlj.controller.PingController.ping() throws org.apache.thrift.TException 
2018-05-19 23:06:10,179 INFO  .annotation.RequestMappingHandlerMapping Mapped "{[/get],methods=[GET]}" onto public com.hlj.common.dtos.response.Response<java.lang.String> com.hlj.controller.PingController.get() throws org.apache.thrift.TException 
2018-05-19 23:06:11,116 INFO  .annotation.RequestMappingHandlerAdapter Looking for @ControllerAdvice: WebApplicationContext for namespace 'dispatcher-servlet': startup date [Sat May 19 23:06:08 CST 2018]; parent: Root WebApplicationContext 
2018-05-19 23:06:11,298 INFO  .annotation.RequestMappingHandlerAdapter Looking for @ControllerAdvice: WebApplicationContext for namespace 'dispatcher-servlet': startup date [Sat May 19 23:06:08 CST 2018]; parent: Root WebApplicationContext 
2018-05-19 23:06:11,686 INFO  web.servlet.DispatcherServlet            FrameworkServlet 'dispatcher': initialization completed in 3049 ms 
2018-05-19 23:12:18,139 INFO  context.support.XmlWebApplicationContext Closing WebApplicationContext for namespace 'dispatcher-servlet': startup date [Sat May 19 23:06:08 CST 2018]; parent: Root WebApplicationContext 
2018-05-19 23:12:49,113 INFO  web.context.ContextLoader                Root WebApplicationContext: initialization started 
2018-05-19 23:12:49,283 INFO  context.support.XmlWebApplicationContext Refreshing Root WebApplicationContext: startup date [Sat May 19 23:12:49 CST 2018]; root of context hierarchy 
2018-05-19 23:12:49,405 INFO  factory.xml.XmlBeanDefinitionReader      Loading XML bean definitions from URL [file:/home/hanlaijin/software/workspace/hanlaijin/hlj-api/target/hlj/WEB-INF/classes/applicationContext.xml] 
2018-05-19 23:12:50,125 INFO  ort.PropertySourcesPlaceholderConfigurer Loading properties file from class path resource [redis.properties] 
2018-05-19 23:12:50,132 INFO  ion.AutowiredAnnotationBeanPostProcessor JSR-330 'javax.inject.Inject' annotation found and supported for autowiring 
2018-05-19 23:12:50,885 INFO  web.context.ContextLoader                Root WebApplicationContext: initialization completed in 1764 ms 
2018-05-19 23:13:18,671 INFO  web.servlet.DispatcherServlet            FrameworkServlet 'dispatcher': initialization started 
2018-05-19 23:13:18,705 INFO  context.support.XmlWebApplicationContext Refreshing WebApplicationContext for namespace 'dispatcher-servlet': startup date [Sat May 19 23:13:18 CST 2018]; parent: Root WebApplicationContext 
2018-05-19 23:13:18,708 INFO  factory.xml.XmlBeanDefinitionReader      Loading XML bean definitions from URL [file:/home/hanlaijin/software/workspace/hanlaijin/hlj-api/target/hlj/WEB-INF/classes/spring-mvc.xml] 
2018-05-19 23:13:19,214 INFO  ion.AutowiredAnnotationBeanPostProcessor JSR-330 'javax.inject.Inject' annotation found and supported for autowiring 
2018-05-19 23:13:20,141 INFO  .annotation.RequestMappingHandlerMapping Mapped "{[/doLogin],methods=[POST]}" onto public com.hlj.common.dtos.response.Response com.hlj.controller.LoginController.doLogin(com.hlj.common.dtos.login.LoginRequest,javax.servlet.http.HttpServletResponse) 
2018-05-19 23:13:20,144 INFO  .annotation.RequestMappingHandlerMapping Mapped "{[/logOut],methods=[POST]}" onto public com.hlj.common.dtos.response.Response com.hlj.controller.LoginController.doLogOut(com.hlj.common.dtos.login.LoginRequest,javax.servlet.http.HttpServletResponse) 
2018-05-19 23:13:20,144 INFO  .annotation.RequestMappingHandlerMapping Mapped "{[/login],methods=[GET]}" onto public java.lang.String com.hlj.controller.LoginController.login() 
2018-05-19 23:13:20,158 INFO  .annotation.RequestMappingHandlerMapping Mapped "{[/ping],methods=[GET]}" onto public com.hlj.common.dtos.response.Response com.hlj.controller.PingController.ping() throws org.apache.thrift.TException 
2018-05-19 23:13:20,159 INFO  .annotation.RequestMappingHandlerMapping Mapped "{[/get],methods=[GET]}" onto public com.hlj.common.dtos.response.Response<java.lang.String> com.hlj.controller.PingController.get() throws org.apache.thrift.TException 
2018-05-19 23:13:20,937 INFO  .annotation.RequestMappingHandlerAdapter Looking for @ControllerAdvice: WebApplicationContext for namespace 'dispatcher-servlet': startup date [Sat May 19 23:13:18 CST 2018]; parent: Root WebApplicationContext 
2018-05-19 23:13:21,077 INFO  .annotation.RequestMappingHandlerAdapter Looking for @ControllerAdvice: WebApplicationContext for namespace 'dispatcher-servlet': startup date [Sat May 19 23:13:18 CST 2018]; parent: Root WebApplicationContext 
2018-05-19 23:13:21,423 INFO  web.servlet.DispatcherServlet            FrameworkServlet 'dispatcher': initialization completed in 2742 ms 
2018-05-19 23:15:33,481 INFO  context.support.XmlWebApplicationContext Closing WebApplicationContext for namespace 'dispatcher-servlet': startup date [Sat May 19 23:13:18 CST 2018]; parent: Root WebApplicationContext 
2018-05-19 23:15:59,595 INFO  web.context.ContextLoader                Root WebApplicationContext: initialization started 
2018-05-19 23:15:59,849 INFO  context.support.XmlWebApplicationContext Refreshing Root WebApplicationContext: startup date [Sat May 19 23:15:59 CST 2018]; root of context hierarchy 
2018-05-19 23:15:59,986 INFO  factory.xml.XmlBeanDefinitionReader      Loading XML bean definitions from URL [file:/home/hanlaijin/software/workspace/hanlaijin/hlj-api/target/hlj/WEB-INF/classes/applicationContext.xml] 
2018-05-19 23:16:01,003 INFO  ort.PropertySourcesPlaceholderConfigurer Loading properties file from class path resource [redis.properties] 
2018-05-19 23:16:01,015 INFO  ion.AutowiredAnnotationBeanPostProcessor JSR-330 'javax.inject.Inject' annotation found and supported for autowiring 
2018-05-19 23:16:01,931 INFO  web.context.ContextLoader                Root WebApplicationContext: initialization completed in 2332 ms 
2018-05-19 23:16:02,954 INFO  common.filters.LoginFilter               =======/ 
2018-05-19 23:16:03,001 INFO  common.filters.LoginFilter               =======/login.jsp 
2018-05-19 23:16:03,039 INFO  common.filters.LoginFilter               =======/ 
2018-05-19 23:16:03,057 INFO  common.filters.LoginFilter               =======/login.jsp 
2018-05-19 23:16:05,086 INFO  common.filters.LoginFilter               =======/ 
2018-05-19 23:16:05,577 INFO  common.filters.LoginFilter               =======/login.jsp 
2018-05-19 23:18:53,596 INFO  web.servlet.DispatcherServlet            FrameworkServlet 'dispatcher': initialization started 
2018-05-19 23:18:53,614 INFO  context.support.XmlWebApplicationContext Refreshing WebApplicationContext for namespace 'dispatcher-servlet': startup date [Sat May 19 23:18:53 CST 2018]; parent: Root WebApplicationContext 
2018-05-19 23:18:53,616 INFO  factory.xml.XmlBeanDefinitionReader      Loading XML bean definitions from URL [file:/home/hanlaijin/software/workspace/hanlaijin/hlj-api/target/hlj/WEB-INF/classes/spring-mvc.xml] 
2018-05-19 23:18:54,131 INFO  ion.AutowiredAnnotationBeanPostProcessor JSR-330 'javax.inject.Inject' annotation found and supported for autowiring 
2018-05-19 23:18:55,584 INFO  .annotation.RequestMappingHandlerMapping Mapped "{[/doLogin],methods=[POST]}" onto public com.hlj.common.dtos.response.Response com.hlj.controller.LoginController.doLogin(com.hlj.common.dtos.login.LoginRequest,javax.servlet.http.HttpServletResponse) 
2018-05-19 23:18:55,587 INFO  .annotation.RequestMappingHandlerMapping Mapped "{[/logOut],methods=[POST]}" onto public com.hlj.common.dtos.response.Response com.hlj.controller.LoginController.doLogOut(com.hlj.common.dtos.login.LoginRequest,javax.servlet.http.HttpServletResponse) 
2018-05-19 23:18:55,588 INFO  .annotation.RequestMappingHandlerMapping Mapped "{[/login],methods=[GET]}" onto public java.lang.String com.hlj.controller.LoginController.login() 
2018-05-19 23:18:55,615 INFO  .annotation.RequestMappingHandlerMapping Mapped "{[/ping],methods=[GET]}" onto public com.hlj.common.dtos.response.Response com.hlj.controller.PingController.ping() throws org.apache.thrift.TException 
2018-05-19 23:18:55,620 INFO  .annotation.RequestMappingHandlerMapping Mapped "{[/get],methods=[GET]}" onto public com.hlj.common.dtos.response.Response<java.lang.String> com.hlj.controller.PingController.get() throws org.apache.thrift.TException 
2018-05-19 23:18:56,765 INFO  .annotation.RequestMappingHandlerAdapter Looking for @ControllerAdvice: WebApplicationContext for namespace 'dispatcher-servlet': startup date [Sat May 19 23:18:53 CST 2018]; parent: Root WebApplicationContext 
2018-05-19 23:18:56,955 INFO  .annotation.RequestMappingHandlerAdapter Looking for @ControllerAdvice: WebApplicationContext for namespace 'dispatcher-servlet': startup date [Sat May 19 23:18:53 CST 2018]; parent: Root WebApplicationContext 
2018-05-19 23:18:57,229 INFO  web.servlet.DispatcherServlet            FrameworkServlet 'dispatcher': initialization completed in 3632 ms 
2018-05-19 23:18:57,230 INFO  common.filters.LoginFilter               =======/login 
2018-05-19 23:20:16,059 INFO  common.filters.LoginFilter               =======/doLogin 
2018-05-19 23:20:16,309 INFO  common.filters.LoginFilter               =======/login.jsp 
2018-05-19 23:21:07,333 INFO  context.support.XmlWebApplicationContext Closing WebApplicationContext for namespace 'dispatcher-servlet': startup date [Sat May 19 23:18:53 CST 2018]; parent: Root WebApplicationContext 
