2018-05-20 11:07:35,808 INFO  web.context.ContextLoader                Root WebApplicationContext: initialization started 
2018-05-20 11:07:36,056 INFO  context.support.XmlWebApplicationContext Refreshing Root WebApplicationContext: startup date [Sun May 20 11:07:36 CST 2018]; root of context hierarchy 
2018-05-20 11:07:36,152 INFO  factory.xml.XmlBeanDefinitionReader      Loading XML bean definitions from URL [file:/home/hanlaijin/software/workspace/hanlaijin/hlj-api/target/hlj/WEB-INF/classes/applicationContext.xml] 
2018-05-20 11:07:37,003 INFO  ort.PropertySourcesPlaceholderConfigurer Loading properties file from class path resource [redis.properties] 
2018-05-20 11:07:37,014 INFO  ion.AutowiredAnnotationBeanPostProcessor JSR-330 'javax.inject.Inject' annotation found and supported for autowiring 
2018-05-20 11:07:37,816 INFO  web.context.ContextLoader                Root WebApplicationContext: initialization completed in 2002 ms 
2018-05-20 11:07:38,853 INFO  web.servlet.DispatcherServlet            FrameworkServlet 'dispatcher': initialization started 
2018-05-20 11:07:38,875 INFO  context.support.XmlWebApplicationContext Refreshing WebApplicationContext for namespace 'dispatcher-servlet': startup date [Sun May 20 11:07:38 CST 2018]; parent: Root WebApplicationContext 
2018-05-20 11:07:38,877 INFO  factory.xml.XmlBeanDefinitionReader      Loading XML bean definitions from URL [file:/home/hanlaijin/software/workspace/hanlaijin/hlj-api/target/hlj/WEB-INF/classes/spring-mvc.xml] 
2018-05-20 11:07:39,394 INFO  ion.AutowiredAnnotationBeanPostProcessor JSR-330 'javax.inject.Inject' annotation found and supported for autowiring 
2018-05-20 11:07:40,192 INFO  .annotation.RequestMappingHandlerMapping Mapped "{[/doLogin],methods=[POST]}" onto public com.hlj.common.dtos.response.Response com.hlj.controller.LoginController.doLogin(com.hlj.common.dtos.login.LoginRequest,javax.servlet.http.HttpServletResponse) 
2018-05-20 11:07:40,193 INFO  .annotation.RequestMappingHandlerMapping Mapped "{[/logOut],methods=[POST]}" onto public com.hlj.common.dtos.response.Response com.hlj.controller.LoginController.doLogOut(com.hlj.common.dtos.login.LoginRequest,javax.servlet.http.HttpServletResponse) 
2018-05-20 11:07:40,194 INFO  .annotation.RequestMappingHandlerMapping Mapped "{[/login],methods=[GET]}" onto public java.lang.String com.hlj.controller.LoginController.login() 
2018-05-20 11:07:40,202 INFO  .annotation.RequestMappingHandlerMapping Mapped "{[/ping],methods=[GET]}" onto public com.hlj.common.dtos.response.Response com.hlj.controller.PingController.ping() throws org.apache.thrift.TException 
2018-05-20 11:07:40,202 INFO  .annotation.RequestMappingHandlerMapping Mapped "{[/get],methods=[GET]}" onto public com.hlj.common.dtos.response.Response<java.lang.String> com.hlj.controller.PingController.get() throws org.apache.thrift.TException 
2018-05-20 11:07:41,141 INFO  .annotation.RequestMappingHandlerAdapter Looking for @ControllerAdvice: WebApplicationContext for namespace 'dispatcher-servlet': startup date [Sun May 20 11:07:38 CST 2018]; parent: Root WebApplicationContext 
2018-05-20 11:07:41,216 INFO  .annotation.RequestMappingHandlerAdapter Looking for @ControllerAdvice: WebApplicationContext for namespace 'dispatcher-servlet': startup date [Sun May 20 11:07:38 CST 2018]; parent: Root WebApplicationContext 
2018-05-20 11:07:41,483 INFO  web.servlet.DispatcherServlet            FrameworkServlet 'dispatcher': initialization completed in 2616 ms 
2018-05-20 11:12:48,247 INFO  context.support.XmlWebApplicationContext Closing WebApplicationContext for namespace 'dispatcher-servlet': startup date [Sun May 20 11:07:38 CST 2018]; parent: Root WebApplicationContext 
2018-05-20 11:13:13,296 INFO  web.context.ContextLoader                Root WebApplicationContext: initialization started 
2018-05-20 11:13:13,461 INFO  context.support.XmlWebApplicationContext Refreshing Root WebApplicationContext: startup date [Sun May 20 11:13:13 CST 2018]; root of context hierarchy 
2018-05-20 11:13:13,641 INFO  factory.xml.XmlBeanDefinitionReader      Loading XML bean definitions from URL [file:/home/hanlaijin/software/workspace/hanlaijin/hlj-api/target/hlj/WEB-INF/classes/applicationContext.xml] 
2018-05-20 11:13:14,853 INFO  ort.PropertySourcesPlaceholderConfigurer Loading properties file from class path resource [redis.properties] 
2018-05-20 11:13:14,863 INFO  ion.AutowiredAnnotationBeanPostProcessor JSR-330 'javax.inject.Inject' annotation found and supported for autowiring 
2018-05-20 11:13:15,965 INFO  web.context.ContextLoader                Root WebApplicationContext: initialization completed in 2644 ms 
2018-05-20 11:13:17,159 INFO  web.servlet.DispatcherServlet            FrameworkServlet 'dispatcher': initialization started 
2018-05-20 11:13:17,190 INFO  context.support.XmlWebApplicationContext Refreshing WebApplicationContext for namespace 'dispatcher-servlet': startup date [Sun May 20 11:13:17 CST 2018]; parent: Root WebApplicationContext 
2018-05-20 11:13:17,192 INFO  factory.xml.XmlBeanDefinitionReader      Loading XML bean definitions from URL [file:/home/hanlaijin/software/workspace/hanlaijin/hlj-api/target/hlj/WEB-INF/classes/spring-mvc.xml] 
2018-05-20 11:13:17,833 INFO  ion.AutowiredAnnotationBeanPostProcessor JSR-330 'javax.inject.Inject' annotation found and supported for autowiring 
2018-05-20 11:13:18,653 INFO  .annotation.RequestMappingHandlerMapping Mapped "{[/do_login],methods=[POST]}" onto public com.hlj.common.dtos.response.Response com.hlj.controller.LoginController.doLogin(com.hlj.common.dtos.login.LoginRequest,javax.servlet.http.HttpServletResponse) 
2018-05-20 11:13:18,655 INFO  .annotation.RequestMappingHandlerMapping Mapped "{[/logOut],methods=[POST]}" onto public com.hlj.common.dtos.response.Response com.hlj.controller.LoginController.doLogOut(com.hlj.common.dtos.login.LoginRequest,javax.servlet.http.HttpServletResponse) 
2018-05-20 11:13:18,656 INFO  .annotation.RequestMappingHandlerMapping Mapped "{[/login],methods=[GET]}" onto public java.lang.String com.hlj.controller.LoginController.login() 
2018-05-20 11:13:18,663 INFO  .annotation.RequestMappingHandlerMapping Mapped "{[/ping],methods=[GET]}" onto public com.hlj.common.dtos.response.Response com.hlj.controller.PingController.ping() throws org.apache.thrift.TException 
2018-05-20 11:13:18,663 INFO  .annotation.RequestMappingHandlerMapping Mapped "{[/get],methods=[GET]}" onto public com.hlj.common.dtos.response.Response<java.lang.String> com.hlj.controller.PingController.get() throws org.apache.thrift.TException 
2018-05-20 11:13:19,552 INFO  .annotation.RequestMappingHandlerAdapter Looking for @ControllerAdvice: WebApplicationContext for namespace 'dispatcher-servlet': startup date [Sun May 20 11:13:17 CST 2018]; parent: Root WebApplicationContext 
2018-05-20 11:13:19,668 INFO  .annotation.RequestMappingHandlerAdapter Looking for @ControllerAdvice: WebApplicationContext for namespace 'dispatcher-servlet': startup date [Sun May 20 11:13:17 CST 2018]; parent: Root WebApplicationContext 
2018-05-20 11:13:19,958 INFO  web.servlet.DispatcherServlet            FrameworkServlet 'dispatcher': initialization completed in 2786 ms 
