2018-08-10 17:35:31.761  INFO 20946 --- [main] com.hlj.HljWebApplication                : Starting HljWebApplication on hanlaijin@xiaomi.com with PID 20946 (/home/mi/software/git/hanlaijin/web/target/classes started by mi in /home/mi/software/git/hanlaijin)
2018-08-10 17:35:31.763 DEBUG 20946 --- [main] com.hlj.HljWebApplication                : Running with Spring Boot v2.0.4.RELEASE, Spring v5.0.8.RELEASE
2018-08-10 17:35:31.765  INFO 20946 --- [main] com.hlj.HljWebApplication                : No active profile set, falling back to default profiles: default
2018-08-10 17:35:31.809  INFO 20946 --- [main] ConfigServletWebServerApplicationContext : Refreshing org.springframework.boot.web.servlet.context.AnnotationConfigServletWebServerApplicationContext@657c8ad9: startup date [Fri Aug 10 17:35:31 CST 2018]; root of context hierarchy
2018-08-10 17:35:32.921  INFO 20946 --- [main] o.s.b.w.embedded.tomcat.TomcatWebServer  : Tomcat initialized with port(s): 8080 (http)
2018-08-10 17:35:32.944  INFO 20946 --- [main] o.apache.catalina.core.StandardService   : Starting service [Tomcat]
2018-08-10 17:35:32.944  INFO 20946 --- [main] org.apache.catalina.core.StandardEngine  : Starting Servlet Engine: Apache Tomcat/8.5.32
2018-08-10 17:35:32.951  INFO 20946 --- [localhost-startStop-1] o.a.catalina.core.AprLifecycleListener   : The APR based Apache Tomcat Native library which allows optimal performance in production environments was not found on the java.library.path: [/usr/java/packages/lib/amd64:/usr/lib64:/lib64:/lib:/usr/lib]
2018-08-10 17:35:33.020  INFO 20946 --- [localhost-startStop-1] o.a.c.c.C.[Tomcat].[localhost].[/]       : Initializing Spring embedded WebApplicationContext
2018-08-10 17:35:33.020  INFO 20946 --- [localhost-startStop-1] o.s.web.context.ContextLoader            : Root WebApplicationContext: initialization completed in 1211 ms
2018-08-10 17:35:33.050 ERROR 20946 --- [localhost-startStop-1] o.s.b.web.embedded.tomcat.TomcatStarter  : Error starting Tomcat context. Exception: org.springframework.beans.factory.BeanCreationException. Message: Error creating bean with name 'httpPutFormContentFilter' defined in class path resource [org/springframework/boot/autoconfigure/web/servlet/WebMvcAutoConfiguration.class]: Bean instantiation via factory method failed; nested exception is org.springframework.beans.BeanInstantiationException: Failed to instantiate [org.springframework.boot.web.servlet.filter.OrderedHttpPutFormContentFilter]: Factory method 'httpPutFormContentFilter' threw exception; nested exception is java.lang.NoClassDefFoundError: com/fasterxml/jackson/databind/exc/InvalidDefinitionException
2018-08-10 17:35:33.066  INFO 20946 --- [main] o.apache.catalina.core.StandardService   : Stopping service [Tomcat]
2018-08-10 17:35:33.070  WARN 20946 --- [main] ConfigServletWebServerApplicationContext : Exception encountered during context initialization - cancelling refresh attempt: org.springframework.context.ApplicationContextException: Unable to start web server; nested exception is org.springframework.boot.web.server.WebServerException: Unable to start embedded Tomcat
2018-08-10 17:36:41.154  INFO 21045 --- [main] com.hlj.HljWebApplication                : Starting HljWebApplication on hanlaijin@xiaomi.com with PID 21045 (/home/mi/software/git/hanlaijin/web/target/classes started by mi in /home/mi/software/git/hanlaijin)
2018-08-10 17:36:41.156 DEBUG 21045 --- [main] com.hlj.HljWebApplication                : Running with Spring Boot v2.0.4.RELEASE, Spring v5.0.8.RELEASE
2018-08-10 17:36:41.157  INFO 21045 --- [main] com.hlj.HljWebApplication                : No active profile set, falling back to default profiles: default
2018-08-10 17:36:41.197  INFO 21045 --- [main] ConfigServletWebServerApplicationContext : Refreshing org.springframework.boot.web.servlet.context.AnnotationConfigServletWebServerApplicationContext@436a4e4b: startup date [Fri Aug 10 17:36:41 CST 2018]; root of context hierarchy
2018-08-10 17:36:42.221  INFO 21045 --- [main] o.s.b.w.embedded.tomcat.TomcatWebServer  : Tomcat initialized with port(s): 8080 (http)
2018-08-10 17:36:42.242  INFO 21045 --- [main] o.apache.catalina.core.StandardService   : Starting service [Tomcat]
2018-08-10 17:36:42.242  INFO 21045 --- [main] org.apache.catalina.core.StandardEngine  : Starting Servlet Engine: Apache Tomcat/8.5.32
2018-08-10 17:36:42.250  INFO 21045 --- [localhost-startStop-1] o.a.catalina.core.AprLifecycleListener   : The APR based Apache Tomcat Native library which allows optimal performance in production environments was not found on the java.library.path: [/usr/java/packages/lib/amd64:/usr/lib64:/lib64:/lib:/usr/lib]
2018-08-10 17:36:42.311  INFO 21045 --- [localhost-startStop-1] o.a.c.c.C.[Tomcat].[localhost].[/]       : Initializing Spring embedded WebApplicationContext
2018-08-10 17:36:42.311  INFO 21045 --- [localhost-startStop-1] o.s.web.context.ContextLoader            : Root WebApplicationContext: initialization completed in 1114 ms
2018-08-10 17:36:42.338 ERROR 21045 --- [localhost-startStop-1] o.s.b.web.embedded.tomcat.TomcatStarter  : Error starting Tomcat context. Exception: org.springframework.beans.factory.BeanCreationException. Message: Error creating bean with name 'httpPutFormContentFilter' defined in class path resource [org/springframework/boot/autoconfigure/web/servlet/WebMvcAutoConfiguration.class]: Bean instantiation via factory method failed; nested exception is org.springframework.beans.BeanInstantiationException: Failed to instantiate [org.springframework.boot.web.servlet.filter.OrderedHttpPutFormContentFilter]: Factory method 'httpPutFormContentFilter' threw exception; nested exception is java.lang.NoClassDefFoundError: com/fasterxml/jackson/databind/exc/InvalidDefinitionException
2018-08-10 17:36:42.356  INFO 21045 --- [main] o.apache.catalina.core.StandardService   : Stopping service [Tomcat]
2018-08-10 17:36:42.360  WARN 21045 --- [main] ConfigServletWebServerApplicationContext : Exception encountered during context initialization - cancelling refresh attempt: org.springframework.context.ApplicationContextException: Unable to start web server; nested exception is org.springframework.boot.web.server.WebServerException: Unable to start embedded Tomcat
2018-08-10 17:48:27.326  INFO 21698 --- [main] com.hlj.HljWebApplication                : Starting HljWebApplication on hanlaijin@xiaomi.com with PID 21698 (/home/mi/software/git/hanlaijin/web/target/classes started by mi in /home/mi/software/git/hanlaijin)
2018-08-10 17:48:27.328 DEBUG 21698 --- [main] com.hlj.HljWebApplication                : Running with Spring Boot v2.0.4.RELEASE, Spring v5.0.8.RELEASE
2018-08-10 17:48:27.330  INFO 21698 --- [main] com.hlj.HljWebApplication                : No active profile set, falling back to default profiles: default
2018-08-10 17:48:27.388  INFO 21698 --- [main] ConfigServletWebServerApplicationContext : Refreshing org.springframework.boot.web.servlet.context.AnnotationConfigServletWebServerApplicationContext@7a52f2a2: startup date [Fri Aug 10 17:48:27 CST 2018]; root of context hierarchy
2018-08-10 17:48:28.410  INFO 21698 --- [main] o.s.b.w.embedded.tomcat.TomcatWebServer  : Tomcat initialized with port(s): 8080 (http)
2018-08-10 17:48:28.439  INFO 21698 --- [main] o.apache.catalina.core.StandardService   : Starting service [Tomcat]
2018-08-10 17:48:28.439  INFO 21698 --- [main] org.apache.catalina.core.StandardEngine  : Starting Servlet Engine: Apache Tomcat/8.5.32
2018-08-10 17:48:28.448  INFO 21698 --- [localhost-startStop-1] o.a.catalina.core.AprLifecycleListener   : The APR based Apache Tomcat Native library which allows optimal performance in production environments was not found on the java.library.path: [/usr/java/packages/lib/amd64:/usr/lib64:/lib64:/lib:/usr/lib]
2018-08-10 17:48:28.525  INFO 21698 --- [localhost-startStop-1] o.a.c.c.C.[Tomcat].[localhost].[/]       : Initializing Spring embedded WebApplicationContext
2018-08-10 17:48:28.526  INFO 21698 --- [localhost-startStop-1] o.s.web.context.ContextLoader            : Root WebApplicationContext: initialization completed in 1138 ms
2018-08-10 17:48:28.554 ERROR 21698 --- [localhost-startStop-1] o.s.b.web.embedded.tomcat.TomcatStarter  : Error starting Tomcat context. Exception: org.springframework.beans.factory.BeanCreationException. Message: Error creating bean with name 'httpPutFormContentFilter' defined in class path resource [org/springframework/boot/autoconfigure/web/servlet/WebMvcAutoConfiguration.class]: Bean instantiation via factory method failed; nested exception is org.springframework.beans.BeanInstantiationException: Failed to instantiate [org.springframework.boot.web.servlet.filter.OrderedHttpPutFormContentFilter]: Factory method 'httpPutFormContentFilter' threw exception; nested exception is java.lang.NoClassDefFoundError: com/fasterxml/jackson/databind/exc/InvalidDefinitionException
2018-08-10 17:48:28.571  INFO 21698 --- [main] o.apache.catalina.core.StandardService   : Stopping service [Tomcat]
2018-08-10 17:48:28.575  WARN 21698 --- [main] ConfigServletWebServerApplicationContext : Exception encountered during context initialization - cancelling refresh attempt: org.springframework.context.ApplicationContextException: Unable to start web server; nested exception is org.springframework.boot.web.server.WebServerException: Unable to start embedded Tomcat
2018-08-10 17:51:23.099  INFO 21888 --- [main] com.hlj.HljWebApplication                : Starting HljWebApplication on hanlaijin@xiaomi.com with PID 21888 (/home/mi/software/git/hanlaijin/web/target/classes started by mi in /home/mi/software/git/hanlaijin)
2018-08-10 17:51:23.102 DEBUG 21888 --- [main] com.hlj.HljWebApplication                : Running with Spring Boot v2.0.4.RELEASE, Spring v5.0.8.RELEASE
2018-08-10 17:51:23.103  INFO 21888 --- [main] com.hlj.HljWebApplication                : No active profile set, falling back to default profiles: default
2018-08-10 17:51:23.154  INFO 21888 --- [main] ConfigServletWebServerApplicationContext : Refreshing org.springframework.boot.web.servlet.context.AnnotationConfigServletWebServerApplicationContext@7a52f2a2: startup date [Fri Aug 10 17:51:23 CST 2018]; root of context hierarchy
2018-08-10 17:51:24.140  INFO 21888 --- [main] o.s.b.w.embedded.tomcat.TomcatWebServer  : Tomcat initialized with port(s): 8080 (http)
2018-08-10 17:51:24.170  INFO 21888 --- [main] o.apache.catalina.core.StandardService   : Starting service [Tomcat]
2018-08-10 17:51:24.170  INFO 21888 --- [main] org.apache.catalina.core.StandardEngine  : Starting Servlet Engine: Apache Tomcat/8.5.32
2018-08-10 17:51:24.180  INFO 21888 --- [localhost-startStop-1] o.a.catalina.core.AprLifecycleListener   : The APR based Apache Tomcat Native library which allows optimal performance in production environments was not found on the java.library.path: [/usr/java/packages/lib/amd64:/usr/lib64:/lib64:/lib:/usr/lib]
2018-08-10 17:51:24.265  INFO 21888 --- [localhost-startStop-1] o.a.c.c.C.[Tomcat].[localhost].[/]       : Initializing Spring embedded WebApplicationContext
2018-08-10 17:51:24.266  INFO 21888 --- [localhost-startStop-1] o.s.web.context.ContextLoader            : Root WebApplicationContext: initialization completed in 1112 ms
2018-08-10 17:51:24.302 ERROR 21888 --- [localhost-startStop-1] o.s.b.web.embedded.tomcat.TomcatStarter  : Error starting Tomcat context. Exception: org.springframework.beans.factory.BeanCreationException. Message: Error creating bean with name 'httpPutFormContentFilter' defined in class path resource [org/springframework/boot/autoconfigure/web/servlet/WebMvcAutoConfiguration.class]: Bean instantiation via factory method failed; nested exception is org.springframework.beans.BeanInstantiationException: Failed to instantiate [org.springframework.boot.web.servlet.filter.OrderedHttpPutFormContentFilter]: Factory method 'httpPutFormContentFilter' threw exception; nested exception is java.lang.NoClassDefFoundError: com/fasterxml/jackson/databind/exc/InvalidDefinitionException
2018-08-10 17:51:24.318  INFO 21888 --- [main] o.apache.catalina.core.StandardService   : Stopping service [Tomcat]
2018-08-10 17:51:24.322  WARN 21888 --- [main] ConfigServletWebServerApplicationContext : Exception encountered during context initialization - cancelling refresh attempt: org.springframework.context.ApplicationContextException: Unable to start web server; nested exception is org.springframework.boot.web.server.WebServerException: Unable to start embedded Tomcat
2018-08-10 17:52:04.953  INFO 22048 --- [main] com.hlj.HljWebApplication                : Starting HljWebApplication on hanlaijin@xiaomi.com with PID 22048 (/home/mi/software/git/hanlaijin/web/target/classes started by mi in /home/mi/software/git/hanlaijin)
2018-08-10 17:52:04.955 DEBUG 22048 --- [main] com.hlj.HljWebApplication                : Running with Spring Boot v2.0.4.RELEASE, Spring v5.0.8.RELEASE
2018-08-10 17:52:04.956  INFO 22048 --- [main] com.hlj.HljWebApplication                : No active profile set, falling back to default profiles: default
2018-08-10 17:52:05.011  INFO 22048 --- [main] ConfigServletWebServerApplicationContext : Refreshing org.springframework.boot.web.servlet.context.AnnotationConfigServletWebServerApplicationContext@2aa3cd93: startup date [Fri Aug 10 17:52:05 CST 2018]; root of context hierarchy
2018-08-10 17:52:06.023  INFO 22048 --- [main] o.s.b.w.embedded.tomcat.TomcatWebServer  : Tomcat initialized with port(s): 8080 (http)
2018-08-10 17:52:06.044  INFO 22048 --- [main] o.apache.catalina.core.StandardService   : Starting service [Tomcat]
2018-08-10 17:52:06.044  INFO 22048 --- [main] org.apache.catalina.core.StandardEngine  : Starting Servlet Engine: Apache Tomcat/8.5.32
2018-08-10 17:52:06.051  INFO 22048 --- [localhost-startStop-1] o.a.catalina.core.AprLifecycleListener   : The APR based Apache Tomcat Native library which allows optimal performance in production environments was not found on the java.library.path: [/usr/java/packages/lib/amd64:/usr/lib64:/lib64:/lib:/usr/lib]
2018-08-10 17:52:06.150  INFO 22048 --- [localhost-startStop-1] o.a.c.c.C.[Tomcat].[localhost].[/]       : Initializing Spring embedded WebApplicationContext
2018-08-10 17:52:06.150  INFO 22048 --- [localhost-startStop-1] o.s.web.context.ContextLoader            : Root WebApplicationContext: initialization completed in 1139 ms
2018-08-10 17:52:06.191 ERROR 22048 --- [localhost-startStop-1] o.s.b.web.embedded.tomcat.TomcatStarter  : Error starting Tomcat context. Exception: org.springframework.beans.factory.BeanCreationException. Message: Error creating bean with name 'httpPutFormContentFilter' defined in class path resource [org/springframework/boot/autoconfigure/web/servlet/WebMvcAutoConfiguration.class]: Bean instantiation via factory method failed; nested exception is org.springframework.beans.BeanInstantiationException: Failed to instantiate [org.springframework.boot.web.servlet.filter.OrderedHttpPutFormContentFilter]: Factory method 'httpPutFormContentFilter' threw exception; nested exception is java.lang.NoClassDefFoundError: com/fasterxml/jackson/databind/exc/InvalidDefinitionException
2018-08-10 17:52:06.210  INFO 22048 --- [main] o.apache.catalina.core.StandardService   : Stopping service [Tomcat]
2018-08-10 17:52:06.215  WARN 22048 --- [main] ConfigServletWebServerApplicationContext : Exception encountered during context initialization - cancelling refresh attempt: org.springframework.context.ApplicationContextException: Unable to start web server; nested exception is org.springframework.boot.web.server.WebServerException: Unable to start embedded Tomcat
2018-08-10 17:53:02.097  INFO 22299 --- [main] com.hlj.HljWebApplication                : Starting HljWebApplication on hanlaijin@xiaomi.com with PID 22299 (/home/mi/software/git/hanlaijin/web/target/classes started by mi in /home/mi/software/git/hanlaijin)
2018-08-10 17:53:02.100 DEBUG 22299 --- [main] com.hlj.HljWebApplication                : Running with Spring Boot v2.0.4.RELEASE, Spring v5.0.8.RELEASE
2018-08-10 17:53:02.101  INFO 22299 --- [main] com.hlj.HljWebApplication                : No active profile set, falling back to default profiles: default
2018-08-10 17:53:02.196  INFO 22299 --- [main] ConfigServletWebServerApplicationContext : Refreshing org.springframework.boot.web.servlet.context.AnnotationConfigServletWebServerApplicationContext@3b938003: startup date [Fri Aug 10 17:53:02 CST 2018]; root of context hierarchy
2018-08-10 17:53:03.062  INFO 22299 --- [main] o.s.b.w.embedded.tomcat.TomcatWebServer  : Tomcat initialized with port(s): 8080 (http)
2018-08-10 17:53:03.084  INFO 22299 --- [main] o.apache.catalina.core.StandardService   : Starting service [Tomcat]
2018-08-10 17:53:03.084  INFO 22299 --- [main] org.apache.catalina.core.StandardEngine  : Starting Servlet Engine: Apache Tomcat/8.5.32
2018-08-10 17:53:03.091  INFO 22299 --- [localhost-startStop-1] o.a.catalina.core.AprLifecycleListener   : The APR based Apache Tomcat Native library which allows optimal performance in production environments was not found on the java.library.path: [/usr/java/packages/lib/amd64:/usr/lib64:/lib64:/lib:/usr/lib]
2018-08-10 17:53:03.152  INFO 22299 --- [localhost-startStop-1] o.a.c.c.C.[Tomcat].[localhost].[/]       : Initializing Spring embedded WebApplicationContext
2018-08-10 17:53:03.152  INFO 22299 --- [localhost-startStop-1] o.s.web.context.ContextLoader            : Root WebApplicationContext: initialization completed in 956 ms
2018-08-10 17:53:03.180 ERROR 22299 --- [localhost-startStop-1] o.s.b.web.embedded.tomcat.TomcatStarter  : Error starting Tomcat context. Exception: org.springframework.beans.factory.BeanCreationException. Message: Error creating bean with name 'httpPutFormContentFilter' defined in class path resource [org/springframework/boot/autoconfigure/web/servlet/WebMvcAutoConfiguration.class]: Bean instantiation via factory method failed; nested exception is org.springframework.beans.BeanInstantiationException: Failed to instantiate [org.springframework.boot.web.servlet.filter.OrderedHttpPutFormContentFilter]: Factory method 'httpPutFormContentFilter' threw exception; nested exception is java.lang.NoClassDefFoundError: com/fasterxml/jackson/databind/exc/InvalidDefinitionException
2018-08-10 17:53:03.196  INFO 22299 --- [main] o.apache.catalina.core.StandardService   : Stopping service [Tomcat]
2018-08-10 17:53:03.200  WARN 22299 --- [main] ConfigServletWebServerApplicationContext : Exception encountered during context initialization - cancelling refresh attempt: org.springframework.context.ApplicationContextException: Unable to start web server; nested exception is org.springframework.boot.web.server.WebServerException: Unable to start embedded Tomcat
2018-08-10 17:53:14.429  INFO 22406 --- [main] com.hlj.HljWebApplication                : Starting HljWebApplication on hanlaijin@xiaomi.com with PID 22406 (/home/mi/software/git/hanlaijin/web/target/classes started by mi in /home/mi/software/git/hanlaijin)
2018-08-10 17:53:14.432 DEBUG 22406 --- [main] com.hlj.HljWebApplication                : Running with Spring Boot v2.0.4.RELEASE, Spring v5.0.8.RELEASE
2018-08-10 17:53:14.433  INFO 22406 --- [main] com.hlj.HljWebApplication                : No active profile set, falling back to default profiles: default
2018-08-10 17:53:14.487  INFO 22406 --- [main] ConfigServletWebServerApplicationContext : Refreshing org.springframework.boot.web.servlet.context.AnnotationConfigServletWebServerApplicationContext@5ad851c9: startup date [Fri Aug 10 17:53:14 CST 2018]; root of context hierarchy
2018-08-10 17:53:15.442  INFO 22406 --- [main] o.s.b.w.embedded.tomcat.TomcatWebServer  : Tomcat initialized with port(s): 8080 (http)
2018-08-10 17:53:15.464  INFO 22406 --- [main] o.apache.catalina.core.StandardService   : Starting service [Tomcat]
2018-08-10 17:53:15.464  INFO 22406 --- [main] org.apache.catalina.core.StandardEngine  : Starting Servlet Engine: Apache Tomcat/8.5.32
2018-08-10 17:53:15.471  INFO 22406 --- [localhost-startStop-1] o.a.catalina.core.AprLifecycleListener   : The APR based Apache Tomcat Native library which allows optimal performance in production environments was not found on the java.library.path: [/usr/java/packages/lib/amd64:/usr/lib64:/lib64:/lib:/usr/lib]
2018-08-10 17:53:15.569  INFO 22406 --- [localhost-startStop-1] o.a.c.c.C.[Tomcat].[localhost].[/]       : Initializing Spring embedded WebApplicationContext
2018-08-10 17:53:15.570  INFO 22406 --- [localhost-startStop-1] o.s.web.context.ContextLoader            : Root WebApplicationContext: initialization completed in 1083 ms
2018-08-10 17:53:15.608 ERROR 22406 --- [localhost-startStop-1] o.s.b.web.embedded.tomcat.TomcatStarter  : Error starting Tomcat context. Exception: org.springframework.beans.factory.BeanCreationException. Message: Error creating bean with name 'httpPutFormContentFilter' defined in class path resource [org/springframework/boot/autoconfigure/web/servlet/WebMvcAutoConfiguration.class]: Bean instantiation via factory method failed; nested exception is org.springframework.beans.BeanInstantiationException: Failed to instantiate [org.springframework.boot.web.servlet.filter.OrderedHttpPutFormContentFilter]: Factory method 'httpPutFormContentFilter' threw exception; nested exception is java.lang.NoClassDefFoundError: com/fasterxml/jackson/databind/exc/InvalidDefinitionException
2018-08-10 17:53:15.628  INFO 22406 --- [main] o.apache.catalina.core.StandardService   : Stopping service [Tomcat]
2018-08-10 17:53:15.634  WARN 22406 --- [main] ConfigServletWebServerApplicationContext : Exception encountered during context initialization - cancelling refresh attempt: org.springframework.context.ApplicationContextException: Unable to start web server; nested exception is org.springframework.boot.web.server.WebServerException: Unable to start embedded Tomcat
2018-08-10 17:55:21.748  INFO 22727 --- [main] com.hlj.HljWebApplication                : Starting HljWebApplication on hanlaijin@xiaomi.com with PID 22727 (/home/mi/software/git/hanlaijin/web/target/classes started by mi in /home/mi/software/git/hanlaijin)
2018-08-10 17:55:21.751 DEBUG 22727 --- [main] com.hlj.HljWebApplication                : Running with Spring Boot v2.0.4.RELEASE, Spring v5.0.8.RELEASE
2018-08-10 17:55:21.754  INFO 22727 --- [main] com.hlj.HljWebApplication                : No active profile set, falling back to default profiles: default
2018-08-10 17:55:21.878  INFO 22727 --- [main] ConfigServletWebServerApplicationContext : Refreshing org.springframework.boot.web.servlet.context.AnnotationConfigServletWebServerApplicationContext@6107227e: startup date [Fri Aug 10 17:55:21 CST 2018]; root of context hierarchy
2018-08-10 17:55:22.902  INFO 22727 --- [main] o.s.b.w.embedded.tomcat.TomcatWebServer  : Tomcat initialized with port(s): 8080 (http)
2018-08-10 17:55:22.925  INFO 22727 --- [main] o.apache.catalina.core.StandardService   : Starting service [Tomcat]
2018-08-10 17:55:22.925  INFO 22727 --- [main] org.apache.catalina.core.StandardEngine  : Starting Servlet Engine: Apache Tomcat/8.5.32
2018-08-10 17:55:22.933  INFO 22727 --- [localhost-startStop-1] o.a.catalina.core.AprLifecycleListener   : The APR based Apache Tomcat Native library which allows optimal performance in production environments was not found on the java.library.path: [/usr/java/packages/lib/amd64:/usr/lib64:/lib64:/lib:/usr/lib]
2018-08-10 17:55:22.994  INFO 22727 --- [localhost-startStop-1] o.a.c.c.C.[Tomcat].[localhost].[/]       : Initializing Spring embedded WebApplicationContext
2018-08-10 17:55:22.995  INFO 22727 --- [localhost-startStop-1] o.s.web.context.ContextLoader            : Root WebApplicationContext: initialization completed in 1117 ms
2018-08-10 17:55:23.022 ERROR 22727 --- [localhost-startStop-1] o.s.b.web.embedded.tomcat.TomcatStarter  : Error starting Tomcat context. Exception: org.springframework.beans.factory.BeanCreationException. Message: Error creating bean with name 'httpPutFormContentFilter' defined in class path resource [org/springframework/boot/autoconfigure/web/servlet/WebMvcAutoConfiguration.class]: Bean instantiation via factory method failed; nested exception is org.springframework.beans.BeanInstantiationException: Failed to instantiate [org.springframework.boot.web.servlet.filter.OrderedHttpPutFormContentFilter]: Factory method 'httpPutFormContentFilter' threw exception; nested exception is java.lang.NoClassDefFoundError: com/fasterxml/jackson/databind/exc/InvalidDefinitionException
2018-08-10 17:55:23.038  INFO 22727 --- [main] o.apache.catalina.core.StandardService   : Stopping service [Tomcat]
2018-08-10 17:55:23.042  WARN 22727 --- [main] ConfigServletWebServerApplicationContext : Exception encountered during context initialization - cancelling refresh attempt: org.springframework.context.ApplicationContextException: Unable to start web server; nested exception is org.springframework.boot.web.server.WebServerException: Unable to start embedded Tomcat
2018-08-10 17:57:14.239  INFO 22844 --- [main] com.hlj.HljWebApplication                : Starting HljWebApplication on hanlaijin@xiaomi.com with PID 22844 (/home/mi/software/git/hanlaijin/web/target/classes started by mi in /home/mi/software/git/hanlaijin)
2018-08-10 17:57:14.241 DEBUG 22844 --- [main] com.hlj.HljWebApplication                : Running with Spring Boot v2.0.4.RELEASE, Spring v5.0.8.RELEASE
2018-08-10 17:57:14.242  INFO 22844 --- [main] com.hlj.HljWebApplication                : No active profile set, falling back to default profiles: default
2018-08-10 17:57:14.280  INFO 22844 --- [main] ConfigServletWebServerApplicationContext : Refreshing org.springframework.boot.web.servlet.context.AnnotationConfigServletWebServerApplicationContext@60611244: startup date [Fri Aug 10 17:57:14 CST 2018]; root of context hierarchy
2018-08-10 17:57:15.316  INFO 22844 --- [main] o.s.b.w.embedded.tomcat.TomcatWebServer  : Tomcat initialized with port(s): 8080 (http)
2018-08-10 17:57:15.342  INFO 22844 --- [main] o.apache.catalina.core.StandardService   : Starting service [Tomcat]
2018-08-10 17:57:15.343  INFO 22844 --- [main] org.apache.catalina.core.StandardEngine  : Starting Servlet Engine: Apache Tomcat/8.5.32
2018-08-10 17:57:15.352  INFO 22844 --- [localhost-startStop-1] o.a.catalina.core.AprLifecycleListener   : The APR based Apache Tomcat Native library which allows optimal performance in production environments was not found on the java.library.path: [/usr/java/packages/lib/amd64:/usr/lib64:/lib64:/lib:/usr/lib]
2018-08-10 17:57:15.425  INFO 22844 --- [localhost-startStop-1] o.a.c.c.C.[Tomcat].[localhost].[/]       : Initializing Spring embedded WebApplicationContext
2018-08-10 17:57:15.425  INFO 22844 --- [localhost-startStop-1] o.s.web.context.ContextLoader            : Root WebApplicationContext: initialization completed in 1145 ms
2018-08-10 17:57:15.449 ERROR 22844 --- [localhost-startStop-1] o.s.b.web.embedded.tomcat.TomcatStarter  : Error starting Tomcat context. Exception: org.springframework.beans.factory.BeanCreationException. Message: Error creating bean with name 'httpPutFormContentFilter' defined in class path resource [org/springframework/boot/autoconfigure/web/servlet/WebMvcAutoConfiguration.class]: Bean instantiation via factory method failed; nested exception is org.springframework.beans.BeanInstantiationException: Failed to instantiate [org.springframework.boot.web.servlet.filter.OrderedHttpPutFormContentFilter]: Factory method 'httpPutFormContentFilter' threw exception; nested exception is java.lang.NoClassDefFoundError: com/fasterxml/jackson/databind/exc/InvalidDefinitionException
2018-08-10 17:57:15.464  INFO 22844 --- [main] o.apache.catalina.core.StandardService   : Stopping service [Tomcat]
2018-08-10 17:57:15.468  WARN 22844 --- [main] ConfigServletWebServerApplicationContext : Exception encountered during context initialization - cancelling refresh attempt: org.springframework.context.ApplicationContextException: Unable to start web server; nested exception is org.springframework.boot.web.server.WebServerException: Unable to start embedded Tomcat
2018-08-10 18:34:07.231  INFO 23193 --- [main] com.hlj.HljWebApplication                : Starting HljWebApplication on hanlaijin@xiaomi.com with PID 23193 (/home/mi/software/git/hanlaijin/web/target/classes started by mi in /home/mi/software/git/hanlaijin)
2018-08-10 18:34:07.233 DEBUG 23193 --- [main] com.hlj.HljWebApplication                : Running with Spring Boot v2.0.4.RELEASE, Spring v5.0.8.RELEASE
2018-08-10 18:34:07.234  INFO 23193 --- [main] com.hlj.HljWebApplication                : No active profile set, falling back to default profiles: default
2018-08-10 18:34:07.275  INFO 23193 --- [main] ConfigServletWebServerApplicationContext : Refreshing org.springframework.boot.web.servlet.context.AnnotationConfigServletWebServerApplicationContext@2aa3cd93: startup date [Fri Aug 10 18:34:07 CST 2018]; root of context hierarchy
2018-08-10 18:34:08.325  INFO 23193 --- [main] o.s.b.w.embedded.tomcat.TomcatWebServer  : Tomcat initialized with port(s): 8080 (http)
2018-08-10 18:34:08.352  INFO 23193 --- [main] o.apache.catalina.core.StandardService   : Starting service [Tomcat]
2018-08-10 18:34:08.352  INFO 23193 --- [main] org.apache.catalina.core.StandardEngine  : Starting Servlet Engine: Apache Tomcat/8.5.32
2018-08-10 18:34:08.361  INFO 23193 --- [localhost-startStop-1] o.a.catalina.core.AprLifecycleListener   : The APR based Apache Tomcat Native library which allows optimal performance in production environments was not found on the java.library.path: [/usr/java/packages/lib/amd64:/usr/lib64:/lib64:/lib:/usr/lib]
2018-08-10 18:34:08.439  INFO 23193 --- [localhost-startStop-1] o.a.c.c.C.[Tomcat].[localhost].[/]       : Initializing Spring embedded WebApplicationContext
2018-08-10 18:34:08.439  INFO 23193 --- [localhost-startStop-1] o.s.web.context.ContextLoader            : Root WebApplicationContext: initialization completed in 1164 ms
2018-08-10 18:34:08.477 ERROR 23193 --- [localhost-startStop-1] o.s.b.web.embedded.tomcat.TomcatStarter  : Error starting Tomcat context. Exception: org.springframework.beans.factory.BeanCreationException. Message: Error creating bean with name 'httpPutFormContentFilter' defined in class path resource [org/springframework/boot/autoconfigure/web/servlet/WebMvcAutoConfiguration.class]: Bean instantiation via factory method failed; nested exception is org.springframework.beans.BeanInstantiationException: Failed to instantiate [org.springframework.boot.web.servlet.filter.OrderedHttpPutFormContentFilter]: Factory method 'httpPutFormContentFilter' threw exception; nested exception is java.lang.NoClassDefFoundError: com/fasterxml/jackson/databind/exc/InvalidDefinitionException
2018-08-10 18:34:08.494  INFO 23193 --- [main] o.apache.catalina.core.StandardService   : Stopping service [Tomcat]
2018-08-10 18:34:08.498  WARN 23193 --- [main] ConfigServletWebServerApplicationContext : Exception encountered during context initialization - cancelling refresh attempt: org.springframework.context.ApplicationContextException: Unable to start web server; nested exception is org.springframework.boot.web.server.WebServerException: Unable to start embedded Tomcat
2018-08-10 18:37:44.732  INFO 23375 --- [main] com.hlj.HljWebApplication                : Starting HljWebApplication on hanlaijin@xiaomi.com with PID 23375 (/home/mi/software/git/hanlaijin/web/target/classes started by mi in /home/mi/software/git/hanlaijin)
2018-08-10 18:37:44.734 DEBUG 23375 --- [main] com.hlj.HljWebApplication                : Running with Spring Boot v2.0.4.RELEASE, Spring v5.0.8.RELEASE
2018-08-10 18:37:44.735  INFO 23375 --- [main] com.hlj.HljWebApplication                : No active profile set, falling back to default profiles: default
2018-08-10 18:37:44.778  INFO 23375 --- [main] ConfigServletWebServerApplicationContext : Refreshing org.springframework.boot.web.servlet.context.AnnotationConfigServletWebServerApplicationContext@11dc3715: startup date [Fri Aug 10 18:37:44 CST 2018]; root of context hierarchy
2018-08-10 18:37:45.984  INFO 23375 --- [main] o.s.b.w.embedded.tomcat.TomcatWebServer  : Tomcat initialized with port(s): 8080 (http)
2018-08-10 18:37:46.008  INFO 23375 --- [main] o.apache.catalina.core.StandardService   : Starting service [Tomcat]
2018-08-10 18:37:46.008  INFO 23375 --- [main] org.apache.catalina.core.StandardEngine  : Starting Servlet Engine: Apache Tomcat/8.5.32
2018-08-10 18:37:46.017  INFO 23375 --- [localhost-startStop-1] o.a.catalina.core.AprLifecycleListener   : The APR based Apache Tomcat Native library which allows optimal performance in production environments was not found on the java.library.path: [/usr/java/packages/lib/amd64:/usr/lib64:/lib64:/lib:/usr/lib]
2018-08-10 18:37:46.086  INFO 23375 --- [localhost-startStop-1] o.a.c.c.C.[Tomcat].[localhost].[/]       : Initializing Spring embedded WebApplicationContext
2018-08-10 18:37:46.087  INFO 23375 --- [localhost-startStop-1] o.s.web.context.ContextLoader            : Root WebApplicationContext: initialization completed in 1308 ms
2018-08-10 18:37:46.127 ERROR 23375 --- [localhost-startStop-1] o.s.b.web.embedded.tomcat.TomcatStarter  : Error starting Tomcat context. Exception: org.springframework.beans.factory.BeanCreationException. Message: Error creating bean with name 'httpPutFormContentFilter' defined in class path resource [org/springframework/boot/autoconfigure/web/servlet/WebMvcAutoConfiguration.class]: Bean instantiation via factory method failed; nested exception is org.springframework.beans.BeanInstantiationException: Failed to instantiate [org.springframework.boot.web.servlet.filter.OrderedHttpPutFormContentFilter]: Factory method 'httpPutFormContentFilter' threw exception; nested exception is java.lang.NoClassDefFoundError: com/fasterxml/jackson/databind/exc/InvalidDefinitionException
2018-08-10 18:37:46.154  INFO 23375 --- [main] o.apache.catalina.core.StandardService   : Stopping service [Tomcat]
2018-08-10 18:37:46.159  WARN 23375 --- [main] ConfigServletWebServerApplicationContext : Exception encountered during context initialization - cancelling refresh attempt: org.springframework.context.ApplicationContextException: Unable to start web server; nested exception is org.springframework.boot.web.server.WebServerException: Unable to start embedded Tomcat
2018-08-10 18:43:56.066  INFO 23709 --- [main] com.hlj.HljWebApplication                : Starting HljWebApplication on hanlaijin@xiaomi.com with PID 23709 (/home/mi/software/git/hanlaijin/web/target/classes started by mi in /home/mi/software/git/hanlaijin)
2018-08-10 18:43:56.069 DEBUG 23709 --- [main] com.hlj.HljWebApplication                : Running with Spring Boot v2.0.4.RELEASE, Spring v5.0.8.RELEASE
2018-08-10 18:43:56.069  INFO 23709 --- [main] com.hlj.HljWebApplication                : No active profile set, falling back to default profiles: default
2018-08-10 18:43:56.128  INFO 23709 --- [main] ConfigServletWebServerApplicationContext : Refreshing org.springframework.boot.web.servlet.context.AnnotationConfigServletWebServerApplicationContext@2b6856dd: startup date [Fri Aug 10 18:43:56 CST 2018]; root of context hierarchy
2018-08-10 18:43:57.207  INFO 23709 --- [main] o.s.b.w.embedded.tomcat.TomcatWebServer  : Tomcat initialized with port(s): 8080 (http)
2018-08-10 18:43:57.231  INFO 23709 --- [main] o.apache.catalina.core.StandardService   : Starting service [Tomcat]
2018-08-10 18:43:57.232  INFO 23709 --- [main] org.apache.catalina.core.StandardEngine  : Starting Servlet Engine: Apache Tomcat/8.5.32
2018-08-10 18:43:57.242  INFO 23709 --- [localhost-startStop-1] o.a.catalina.core.AprLifecycleListener   : The APR based Apache Tomcat Native library which allows optimal performance in production environments was not found on the java.library.path: [/usr/java/packages/lib/amd64:/usr/lib64:/lib64:/lib:/usr/lib]
2018-08-10 18:43:57.327  INFO 23709 --- [localhost-startStop-1] o.a.c.c.C.[Tomcat].[localhost].[/]       : Initializing Spring embedded WebApplicationContext
2018-08-10 18:43:57.328  INFO 23709 --- [localhost-startStop-1] o.s.web.context.ContextLoader            : Root WebApplicationContext: initialization completed in 1199 ms
2018-08-10 18:43:57.387  INFO 23709 --- [localhost-startStop-1] o.s.b.w.servlet.FilterRegistrationBean   : Mapping filter: 'characterEncodingFilter' to: [/*]
2018-08-10 18:43:57.388  INFO 23709 --- [localhost-startStop-1] o.s.b.w.servlet.FilterRegistrationBean   : Mapping filter: 'hiddenHttpMethodFilter' to: [/*]
2018-08-10 18:43:57.388  INFO 23709 --- [localhost-startStop-1] o.s.b.w.servlet.FilterRegistrationBean   : Mapping filter: 'httpPutFormContentFilter' to: [/*]
2018-08-10 18:43:57.388  INFO 23709 --- [localhost-startStop-1] o.s.b.w.servlet.FilterRegistrationBean   : Mapping filter: 'requestContextFilter' to: [/*]
2018-08-10 18:43:57.388  INFO 23709 --- [localhost-startStop-1] o.s.b.w.servlet.FilterRegistrationBean   : Mapping filter: 'TestFilter' to urls: [/*]
2018-08-10 18:43:57.388  INFO 23709 --- [localhost-startStop-1] o.s.b.w.servlet.ServletRegistrationBean  : Servlet dispatcherServlet mapped to [/]
2018-08-10 18:43:57.403  INFO 23709 --- [localhost-startStop-1] com.hlj.common.filter.TestFilter         : [TestFilter init]
2018-08-10 18:43:57.444  WARN 23709 --- [main] ConfigServletWebServerApplicationContext : Exception encountered during context initialization - cancelling refresh attempt: org.springframework.beans.factory.BeanCreationException: Error creating bean with name 'defaultValidator' defined in class path resource [org/springframework/boot/autoconfigure/validation/ValidationAutoConfiguration.class]: Bean instantiation via factory method failed; nested exception is org.springframework.beans.BeanInstantiationException: Failed to instantiate [org.springframework.validation.beanvalidation.LocalValidatorFactoryBean]: Factory method 'defaultValidator' threw exception; nested exception is java.lang.NoClassDefFoundError: javax/validation/valueextraction/ValueExtractorDeclarationException
2018-08-10 18:43:57.447  INFO 23709 --- [main] o.apache.catalina.core.StandardService   : Stopping service [Tomcat]
2018-08-10 18:43:57.448  INFO 23709 --- [localhost-startStop-1] com.hlj.common.filter.TestFilter         : [TestFilter destroy]
2018-08-10 18:45:26.518  INFO 23854 --- [main] com.hlj.HljWebApplication                : Starting HljWebApplication on hanlaijin@xiaomi.com with PID 23854 (/home/mi/software/git/hanlaijin/web/target/classes started by mi in /home/mi/software/git/hanlaijin)
2018-08-10 18:45:26.521 DEBUG 23854 --- [main] com.hlj.HljWebApplication                : Running with Spring Boot v2.0.4.RELEASE, Spring v5.0.8.RELEASE
2018-08-10 18:45:26.522  INFO 23854 --- [main] com.hlj.HljWebApplication                : No active profile set, falling back to default profiles: default
2018-08-10 18:45:26.569  INFO 23854 --- [main] ConfigServletWebServerApplicationContext : Refreshing org.springframework.boot.web.servlet.context.AnnotationConfigServletWebServerApplicationContext@11dc3715: startup date [Fri Aug 10 18:45:26 CST 2018]; root of context hierarchy
2018-08-10 18:45:27.697  INFO 23854 --- [main] o.s.b.w.embedded.tomcat.TomcatWebServer  : Tomcat initialized with port(s): 8080 (http)
2018-08-10 18:45:27.717  INFO 23854 --- [main] o.apache.catalina.core.StandardService   : Starting service [Tomcat]
2018-08-10 18:45:27.718  INFO 23854 --- [main] org.apache.catalina.core.StandardEngine  : Starting Servlet Engine: Apache Tomcat/8.5.32
2018-08-10 18:45:27.726  INFO 23854 --- [localhost-startStop-1] o.a.catalina.core.AprLifecycleListener   : The APR based Apache Tomcat Native library which allows optimal performance in production environments was not found on the java.library.path: [/usr/java/packages/lib/amd64:/usr/lib64:/lib64:/lib:/usr/lib]
2018-08-10 18:45:27.814  INFO 23854 --- [localhost-startStop-1] o.a.c.c.C.[Tomcat].[localhost].[/]       : Initializing Spring embedded WebApplicationContext
2018-08-10 18:45:27.814  INFO 23854 --- [localhost-startStop-1] o.s.web.context.ContextLoader            : Root WebApplicationContext: initialization completed in 1246 ms
2018-08-10 18:45:27.863  INFO 23854 --- [localhost-startStop-1] o.s.b.w.servlet.FilterRegistrationBean   : Mapping filter: 'characterEncodingFilter' to: [/*]
2018-08-10 18:45:27.864  INFO 23854 --- [localhost-startStop-1] o.s.b.w.servlet.FilterRegistrationBean   : Mapping filter: 'hiddenHttpMethodFilter' to: [/*]
2018-08-10 18:45:27.864  INFO 23854 --- [localhost-startStop-1] o.s.b.w.servlet.FilterRegistrationBean   : Mapping filter: 'httpPutFormContentFilter' to: [/*]
2018-08-10 18:45:27.864  INFO 23854 --- [localhost-startStop-1] o.s.b.w.servlet.FilterRegistrationBean   : Mapping filter: 'requestContextFilter' to: [/*]
2018-08-10 18:45:27.864  INFO 23854 --- [localhost-startStop-1] o.s.b.w.servlet.FilterRegistrationBean   : Mapping filter: 'TestFilter' to urls: [/*]
2018-08-10 18:45:27.865  INFO 23854 --- [localhost-startStop-1] o.s.b.w.servlet.ServletRegistrationBean  : Servlet dispatcherServlet mapped to [/]
2018-08-10 18:45:27.886  INFO 23854 --- [localhost-startStop-1] com.hlj.common.filter.TestFilter         : [TestFilter init]
2018-08-10 18:45:27.939  WARN 23854 --- [main] ConfigServletWebServerApplicationContext : Exception encountered during context initialization - cancelling refresh attempt: org.springframework.beans.factory.BeanCreationException: Error creating bean with name 'defaultValidator' defined in class path resource [org/springframework/boot/autoconfigure/validation/ValidationAutoConfiguration.class]: Bean instantiation via factory method failed; nested exception is org.springframework.beans.BeanInstantiationException: Failed to instantiate [org.springframework.validation.beanvalidation.LocalValidatorFactoryBean]: Factory method 'defaultValidator' threw exception; nested exception is java.lang.NoClassDefFoundError: javax/validation/valueextraction/ValueExtractorDeclarationException
2018-08-10 18:45:27.942  INFO 23854 --- [main] o.apache.catalina.core.StandardService   : Stopping service [Tomcat]
2018-08-10 18:45:27.944  INFO 23854 --- [localhost-startStop-1] com.hlj.common.filter.TestFilter         : [TestFilter destroy]
2018-08-10 18:46:12.751  INFO 23972 --- [main] com.hlj.HljWebApplication                : Starting HljWebApplication on hanlaijin@xiaomi.com with PID 23972 (/home/mi/software/git/hanlaijin/web/target/classes started by mi in /home/mi/software/git/hanlaijin)
2018-08-10 18:46:12.753 DEBUG 23972 --- [main] com.hlj.HljWebApplication                : Running with Spring Boot v2.0.4.RELEASE, Spring v5.0.8.RELEASE
2018-08-10 18:46:12.754  INFO 23972 --- [main] com.hlj.HljWebApplication                : No active profile set, falling back to default profiles: default
2018-08-10 18:46:12.822  INFO 23972 --- [main] ConfigServletWebServerApplicationContext : Refreshing org.springframework.boot.web.servlet.context.AnnotationConfigServletWebServerApplicationContext@657c8ad9: startup date [Fri Aug 10 18:46:12 CST 2018]; root of context hierarchy
2018-08-10 18:46:13.957  INFO 23972 --- [main] o.s.b.w.embedded.tomcat.TomcatWebServer  : Tomcat initialized with port(s): 8080 (http)
2018-08-10 18:46:13.980  INFO 23972 --- [main] o.apache.catalina.core.StandardService   : Starting service [Tomcat]
2018-08-10 18:46:13.980  INFO 23972 --- [main] org.apache.catalina.core.StandardEngine  : Starting Servlet Engine: Apache Tomcat/8.5.32
2018-08-10 18:46:13.988  INFO 23972 --- [localhost-startStop-1] o.a.catalina.core.AprLifecycleListener   : The APR based Apache Tomcat Native library which allows optimal performance in production environments was not found on the java.library.path: [/usr/java/packages/lib/amd64:/usr/lib64:/lib64:/lib:/usr/lib]
2018-08-10 18:46:14.081  INFO 23972 --- [localhost-startStop-1] o.a.c.c.C.[Tomcat].[localhost].[/]       : Initializing Spring embedded WebApplicationContext
2018-08-10 18:46:14.081  INFO 23972 --- [localhost-startStop-1] o.s.web.context.ContextLoader            : Root WebApplicationContext: initialization completed in 1259 ms
2018-08-10 18:46:14.138  INFO 23972 --- [localhost-startStop-1] o.s.b.w.servlet.FilterRegistrationBean   : Mapping filter: 'characterEncodingFilter' to: [/*]
2018-08-10 18:46:14.138  INFO 23972 --- [localhost-startStop-1] o.s.b.w.servlet.FilterRegistrationBean   : Mapping filter: 'hiddenHttpMethodFilter' to: [/*]
2018-08-10 18:46:14.138  INFO 23972 --- [localhost-startStop-1] o.s.b.w.servlet.FilterRegistrationBean   : Mapping filter: 'httpPutFormContentFilter' to: [/*]
2018-08-10 18:46:14.139  INFO 23972 --- [localhost-startStop-1] o.s.b.w.servlet.FilterRegistrationBean   : Mapping filter: 'requestContextFilter' to: [/*]
2018-08-10 18:46:14.139  INFO 23972 --- [localhost-startStop-1] o.s.b.w.servlet.FilterRegistrationBean   : Mapping filter: 'TestFilter' to urls: [/*]
2018-08-10 18:46:14.139  INFO 23972 --- [localhost-startStop-1] o.s.b.w.servlet.ServletRegistrationBean  : Servlet dispatcherServlet mapped to [/]
2018-08-10 18:46:14.154  INFO 23972 --- [localhost-startStop-1] com.hlj.common.filter.TestFilter         : [TestFilter init]
2018-08-10 18:46:14.221  INFO 23972 --- [main] o.s.w.s.handler.SimpleUrlHandlerMapping  : Mapped URL path [/**/favicon.ico] onto handler of type [class org.springframework.web.servlet.resource.ResourceHttpRequestHandler]
2018-08-10 18:46:14.327  INFO 23972 --- [main] s.w.s.m.m.a.RequestMappingHandlerAdapter : Looking for @ControllerAdvice: org.springframework.boot.web.servlet.context.AnnotationConfigServletWebServerApplicationContext@657c8ad9: startup date [Fri Aug 10 18:46:12 CST 2018]; root of context hierarchy
2018-08-10 18:46:14.378  INFO 23972 --- [main] s.w.s.m.m.a.RequestMappingHandlerMapping : Mapped "{[/error],produces=[text/html]}" onto public org.springframework.web.servlet.ModelAndView org.springframework.boot.autoconfigure.web.servlet.error.BasicErrorController.errorHtml(javax.servlet.http.HttpServletRequest,javax.servlet.http.HttpServletResponse)
2018-08-10 18:46:14.379  INFO 23972 --- [main] s.w.s.m.m.a.RequestMappingHandlerMapping : Mapped "{[/error]}" onto public org.springframework.http.ResponseEntity<java.util.Map<java.lang.String, java.lang.Object>> org.springframework.boot.autoconfigure.web.servlet.error.BasicErrorController.error(javax.servlet.http.HttpServletRequest)
2018-08-10 18:46:14.393  INFO 23972 --- [main] o.s.w.s.handler.SimpleUrlHandlerMapping  : Mapped URL path [/webjars/**] onto handler of type [class org.springframework.web.servlet.resource.ResourceHttpRequestHandler]
2018-08-10 18:46:14.393  INFO 23972 --- [main] o.s.w.s.handler.SimpleUrlHandlerMapping  : Mapped URL path [/**] onto handler of type [class org.springframework.web.servlet.resource.ResourceHttpRequestHandler]
2018-08-10 18:46:14.521  INFO 23972 --- [main] o.s.j.e.a.AnnotationMBeanExporter        : Registering beans for JMX exposure on startup
2018-08-10 18:46:14.541  INFO 23972 --- [main] o.s.b.w.embedded.tomcat.TomcatWebServer  : Tomcat started on port(s): 8080 (http) with context path ''
2018-08-10 18:46:14.543  INFO 23972 --- [main] com.hlj.HljWebApplication                : Started HljWebApplication in 2.176 seconds (JVM running for 2.392)
2018-08-10 18:48:07.738  INFO 23972 --- [http-nio-8080-exec-1] o.a.c.c.C.[Tomcat].[localhost].[/]       : Initializing Spring FrameworkServlet 'dispatcherServlet'
2018-08-10 18:48:07.738  INFO 23972 --- [http-nio-8080-exec-1] o.s.web.servlet.DispatcherServlet        : FrameworkServlet 'dispatcherServlet': initialization started
2018-08-10 18:48:07.746  INFO 23972 --- [http-nio-8080-exec-1] o.s.web.servlet.DispatcherServlet        : FrameworkServlet 'dispatcherServlet': initialization completed in 8 ms
2018-08-10 18:48:07.752  INFO 23972 --- [http-nio-8080-exec-1] com.hlj.common.filter.TestFilter         : [TestFilter doFilter]
2018-08-10 18:48:20.428  INFO 23972 --- [http-nio-8080-exec-2] com.hlj.common.filter.TestFilter         : [TestFilter doFilter]
2018-08-10 18:48:26.118  INFO 23972 --- [http-nio-8080-exec-3] com.hlj.common.filter.TestFilter         : [TestFilter doFilter]
2018-08-10 18:48:32.193  INFO 23972 --- [http-nio-8080-exec-4] com.hlj.common.filter.TestFilter         : [TestFilter doFilter]
2018-08-10 18:48:58.445  INFO 23972 --- [Thread-3] ConfigServletWebServerApplicationContext : Closing org.springframework.boot.web.servlet.context.AnnotationConfigServletWebServerApplicationContext@657c8ad9: startup date [Fri Aug 10 18:46:12 CST 2018]; root of context hierarchy
2018-08-10 18:48:58.503  INFO 23972 --- [localhost-startStop-2] com.hlj.common.filter.TestFilter         : [TestFilter destroy]
2018-08-10 18:49:00.358  INFO 24175 --- [main] com.hlj.HljWebApplication                : Starting HljWebApplication on hanlaijin@xiaomi.com with PID 24175 (/home/mi/software/git/hanlaijin/web/target/classes started by mi in /home/mi/software/git/hanlaijin)
2018-08-10 18:49:00.360 DEBUG 24175 --- [main] com.hlj.HljWebApplication                : Running with Spring Boot v2.0.4.RELEASE, Spring v5.0.8.RELEASE
2018-08-10 18:49:00.361  INFO 24175 --- [main] com.hlj.HljWebApplication                : No active profile set, falling back to default profiles: default
2018-08-10 18:49:00.402  INFO 24175 --- [main] ConfigServletWebServerApplicationContext : Refreshing org.springframework.boot.web.servlet.context.AnnotationConfigServletWebServerApplicationContext@657c8ad9: startup date [Fri Aug 10 18:49:00 CST 2018]; root of context hierarchy
2018-08-10 18:49:01.642  INFO 24175 --- [main] o.s.b.w.embedded.tomcat.TomcatWebServer  : Tomcat initialized with port(s): 8080 (http)
2018-08-10 18:49:01.670  INFO 24175 --- [main] o.apache.catalina.core.StandardService   : Starting service [Tomcat]
2018-08-10 18:49:01.670  INFO 24175 --- [main] org.apache.catalina.core.StandardEngine  : Starting Servlet Engine: Apache Tomcat/8.5.32
2018-08-10 18:49:01.681  INFO 24175 --- [localhost-startStop-1] o.a.catalina.core.AprLifecycleListener   : The APR based Apache Tomcat Native library which allows optimal performance in production environments was not found on the java.library.path: [/usr/java/packages/lib/amd64:/usr/lib64:/lib64:/lib:/usr/lib]
2018-08-10 18:49:01.747  INFO 24175 --- [localhost-startStop-1] o.a.c.c.C.[Tomcat].[localhost].[/]       : Initializing Spring embedded WebApplicationContext
2018-08-10 18:49:01.748  INFO 24175 --- [localhost-startStop-1] o.s.web.context.ContextLoader            : Root WebApplicationContext: initialization completed in 1346 ms
2018-08-10 18:49:01.795  INFO 24175 --- [localhost-startStop-1] o.s.b.w.servlet.FilterRegistrationBean   : Mapping filter: 'characterEncodingFilter' to: [/*]
2018-08-10 18:49:01.796  INFO 24175 --- [localhost-startStop-1] o.s.b.w.servlet.FilterRegistrationBean   : Mapping filter: 'hiddenHttpMethodFilter' to: [/*]
2018-08-10 18:49:01.796  INFO 24175 --- [localhost-startStop-1] o.s.b.w.servlet.FilterRegistrationBean   : Mapping filter: 'httpPutFormContentFilter' to: [/*]
2018-08-10 18:49:01.796  INFO 24175 --- [localhost-startStop-1] o.s.b.w.servlet.FilterRegistrationBean   : Mapping filter: 'requestContextFilter' to: [/*]
2018-08-10 18:49:01.796  INFO 24175 --- [localhost-startStop-1] o.s.b.w.servlet.FilterRegistrationBean   : Mapping filter: 'TestFilter' to urls: [/*]
2018-08-10 18:49:01.796  INFO 24175 --- [localhost-startStop-1] o.s.b.w.servlet.ServletRegistrationBean  : Servlet dispatcherServlet mapped to [/]
2018-08-10 18:49:01.812  INFO 24175 --- [localhost-startStop-1] com.hlj.common.filter.TestFilter         : [TestFilter init]
2018-08-10 18:49:01.890  INFO 24175 --- [main] o.s.w.s.handler.SimpleUrlHandlerMapping  : Mapped URL path [/**/favicon.ico] onto handler of type [class org.springframework.web.servlet.resource.ResourceHttpRequestHandler]
2018-08-10 18:49:02.013  INFO 24175 --- [main] s.w.s.m.m.a.RequestMappingHandlerAdapter : Looking for @ControllerAdvice: org.springframework.boot.web.servlet.context.AnnotationConfigServletWebServerApplicationContext@657c8ad9: startup date [Fri Aug 10 18:49:00 CST 2018]; root of context hierarchy
2018-08-10 18:49:02.063  INFO 24175 --- [main] s.w.s.m.m.a.RequestMappingHandlerMapping : Mapped "{[/ping],methods=[GET],produces=[application/json;charset=UTF-8]}" onto public com.hlj.common.dtos.response.Response com.hlj.controller.PingController.ping()
2018-08-10 18:49:02.064  INFO 24175 --- [main] s.w.s.m.m.a.RequestMappingHandlerMapping : Mapped "{[/get],methods=[GET]}" onto public com.hlj.common.dtos.response.Response<java.lang.String> com.hlj.controller.PingController.get(com.hlj.common.dtos.PingRequest)
2018-08-10 18:49:02.066  INFO 24175 --- [main] s.w.s.m.m.a.RequestMappingHandlerMapping : Mapped "{[/error],produces=[text/html]}" onto public org.springframework.web.servlet.ModelAndView org.springframework.boot.autoconfigure.web.servlet.error.BasicErrorController.errorHtml(javax.servlet.http.HttpServletRequest,javax.servlet.http.HttpServletResponse)
2018-08-10 18:49:02.066  INFO 24175 --- [main] s.w.s.m.m.a.RequestMappingHandlerMapping : Mapped "{[/error]}" onto public org.springframework.http.ResponseEntity<java.util.Map<java.lang.String, java.lang.Object>> org.springframework.boot.autoconfigure.web.servlet.error.BasicErrorController.error(javax.servlet.http.HttpServletRequest)
2018-08-10 18:49:02.083  INFO 24175 --- [main] o.s.w.s.handler.SimpleUrlHandlerMapping  : Mapped URL path [/webjars/**] onto handler of type [class org.springframework.web.servlet.resource.ResourceHttpRequestHandler]
2018-08-10 18:49:02.083  INFO 24175 --- [main] o.s.w.s.handler.SimpleUrlHandlerMapping  : Mapped URL path [/**] onto handler of type [class org.springframework.web.servlet.resource.ResourceHttpRequestHandler]
2018-08-10 18:49:02.233  INFO 24175 --- [main] o.s.j.e.a.AnnotationMBeanExporter        : Registering beans for JMX exposure on startup
2018-08-10 18:49:02.255  INFO 24175 --- [main] o.s.b.w.embedded.tomcat.TomcatWebServer  : Tomcat started on port(s): 8080 (http) with context path ''
2018-08-10 18:49:02.258  INFO 24175 --- [main] com.hlj.HljWebApplication                : Started HljWebApplication in 2.245 seconds (JVM running for 2.444)
2018-08-10 18:49:15.287  INFO 24175 --- [http-nio-8080-exec-1] o.a.c.c.C.[Tomcat].[localhost].[/]       : Initializing Spring FrameworkServlet 'dispatcherServlet'
2018-08-10 18:49:15.287  INFO 24175 --- [http-nio-8080-exec-1] o.s.web.servlet.DispatcherServlet        : FrameworkServlet 'dispatcherServlet': initialization started
2018-08-10 18:49:15.297  INFO 24175 --- [http-nio-8080-exec-1] o.s.web.servlet.DispatcherServlet        : FrameworkServlet 'dispatcherServlet': initialization completed in 9 ms
2018-08-10 18:49:15.303  INFO 24175 --- [http-nio-8080-exec-1] com.hlj.common.filter.TestFilter         : [TestFilter doFilter]
2018-08-10 19:00:40.583  INFO 24175 --- [Thread-3] ConfigServletWebServerApplicationContext : Closing org.springframework.boot.web.servlet.context.AnnotationConfigServletWebServerApplicationContext@657c8ad9: startup date [Fri Aug 10 18:49:00 CST 2018]; root of context hierarchy
2018-08-10 19:00:40.642  INFO 24175 --- [localhost-startStop-2] com.hlj.common.filter.TestFilter         : [TestFilter destroy]
